#
# A fatal error has been detected by the Java Runtime Environment:
#
#  EXCEPTION_ACCESS_VIOLATION (0xc0000005) at pc=0x00000001800044cb, pid=9552, tid=0x0000000000001904
#
# JRE version: Java(TM) SE Runtime Environment (8.0_341-b10) (build 1.8.0_341-b10)
# Java VM: Java HotSpot(TM) 64-Bit Server VM (25.341-b10 mixed mode windows-amd64 compressed oops)
# Problematic frame:
# C  [rxtxSerial.dll+0x44cb]
#
# Failed to write core dump. Minidumps are not enabled by default on client versions of Windows
#
# If you would like to submit a bug report, please visit:
#   http://bugreport.java.com/bugreport/crash.jsp
# The crash happened outside the Java Virtual Machine in native code.
# See problematic frame for where to report the bug.
#

---------------  T H R E A D  ---------------

Current thread (0x00000201f964c000):  JavaThread "Animation Thread" [_thread_in_native, id=6404, stack(0x000000ec897a0000,0x000000ec898a0000)]

siginfo: ExceptionCode=0xc0000005, reading address 0xffffffff8a0aecdc

Registers:
RAX=0x000000000000001c, RBX=0x0000000000000001, RCX=0x000000ec8989f1cc, RDX=0x0000000000000000
RSP=0x000000ec8989edf0, RBP=0x0000000000000001, RSI=0x0000000000000000, RDI=0x00000201f964c200
R8 =0x000000ec8989eab0, R9 =0x0000000180000000, R10=0x0000000000000000, R11=0x0000000000000200
R12=0xffffffff8a0aecd0, R13=0x0000000000000000, R14=0x000000ec8989f2e0, R15=0x00000201f964c000
RIP=0x00000001800044cb, EFLAGS=0x0000000000010282

Top of Stack: (sp=0x000000ec8989edf0)
0x000000ec8989edf0:   0000020194ed1b68 000000018001c4c0
0x000000ec8989ee00:   0000000000000000 0000000000000001
0x000000ec8989ee10:   00000201f5aa6740 00000201f964c000
0x000000ec8989ee20:   000000ec8989f2e0 00000201f964c000
0x000000ec8989ee30:   00000007c0002368 00000007c0002368
0x000000ec8989ee40:   00000201f5aa6740 00000201f964c000
0x000000ec8989ee50:   00000078eb1439b6 00000201f964c000
0x000000ec8989ee60:   000000ec8989ef60 000000006b8a73ac
0x000000ec8989ee70:   0000000000000000 0000000000000000
0x000000ec8989ee80:   00000201e221d650 000000006b97c597
0x000000ec8989ee90:   000000006bd1aef0 000000006b97e155
0x000000ec8989eea0:   0000000000000004 0000000000000004
0x000000ec8989eeb0:   00000078eb1439d6 00000201f964c000
0x000000ec8989eec0:   00000201e221d650 000000006b82f9b5
0x000000ec8989eed0:   0000020194ed1b68 000000ec8989ef60
0x000000ec8989eee0:   0000000000000000 000000ec8989f030 

Instructions: (pc=0x00000001800044cb)
0x00000001800044ab:   1f 48 8b d3 48 8b cf 41 ff 93 b8 00 00 00 45 84
0x00000001800044bb:   ed 0f 85 b7 00 00 00 4d 85 e4 0f 84 ae 00 00 00
0x00000001800044cb:   41 83 7c 24 0c 00 0f 84 a2 00 00 00 48 8d 4c 24
0x00000001800044db:   38 49 8b d4 41 b8 40 03 00 00 e8 06 64 00 00 4c 


Register to memory mapping:

RAX=0x000000000000001c is an unknown value
RBX=0x0000000000000001 is an unknown value
RCX=0x000000ec8989f1cc is pointing into the stack for thread: 0x00000201f964c000
RDX=0x0000000000000000 is an unknown value
RSP=0x000000ec8989edf0 is pointing into the stack for thread: 0x00000201f964c000
RBP=0x0000000000000001 is an unknown value
RSI=0x0000000000000000 is an unknown value
RDI=0x00000201f964c200 is an unknown value
R8 =0x000000ec8989eab0 is pointing into the stack for thread: 0x00000201f964c000
R9 =0x0000000180000000 is an unknown value
R10=0x0000000000000000 is an unknown value
R11=0x0000000000000200 is an unknown value
R12=0xffffffff8a0aecd0 is an unknown value
R13=0x0000000000000000 is an unknown value
R14=0x000000ec8989f2e0 is pointing into the stack for thread: 0x00000201f964c000
R15=0x00000201f964c000 is a thread


Stack: [0x000000ec897a0000,0x000000ec898a0000],  sp=0x000000ec8989edf0,  free space=1019k
Native frames: (J=compiled Java code, j=interpreted, Vv=VM code, C=native code)
C  [rxtxSerial.dll+0x44cb]
C  0x00000201e3b9a02e

Java frames: (J=compiled Java code, j=interpreted, Vv=VM code)
j  gnu.io.RXTXPort.nativeDrain(Z)Z+0
j  gnu.io.RXTXPort$SerialOutputStream.flush()V+92
j  processing.serial.Serial.write([B)V+12
j  MultiWiiConf.sendRequestMSP(Ljava/util/List;)V+60
j  MultiWiiConf.draw()V+934
j  processing.core.PApplet.handleDraw()V+145
j  processing.core.PApplet.run()V+72
j  java.lang.Thread.run()V+11
v  ~StubRoutines::call_stub

---------------  P R O C E S S  ---------------

Java Threads: ( => current thread )
  0x0000020190576000 JavaThread "Thread-3" [_thread_in_native, id=5336, stack(0x000000ec89fb0000,0x000000ec8a0b0000)]
  0x000002019056e800 JavaThread "DestroyJavaVM" [_thread_blocked, id=14140, stack(0x000000ec87a00000,0x000000ec87b00000)]
  0x00000201f964d800 JavaThread "D3D Screen Updater" daemon [_thread_blocked, id=12424, stack(0x000000ec898a0000,0x000000ec899a0000)]
=>0x00000201f964c000 JavaThread "Animation Thread" [_thread_in_native, id=6404, stack(0x000000ec897a0000,0x000000ec898a0000)]
  0x00000201f9646000 JavaThread "Image Fetcher 0" daemon [_thread_blocked, id=8096, stack(0x000000ec896a0000,0x000000ec897a0000)]
  0x00000201f964b800 JavaThread "AWT-EventQueue-0" [_thread_blocked, id=1272, stack(0x000000ec895a0000,0x000000ec896a0000)]
  0x00000201f8a98800 JavaThread "AWT-Windows" daemon [_thread_in_native, id=7816, stack(0x000000ec89200000,0x000000ec89300000)]
  0x00000201f8bdd800 JavaThread "AWT-Shutdown" [_thread_blocked, id=6068, stack(0x000000ec89100000,0x000000ec89200000)]
  0x00000201f8ae7800 JavaThread "Java2D Disposer" daemon [_thread_blocked, id=2092, stack(0x000000ec89000000,0x000000ec89100000)]
  0x00000201f8a10000 JavaThread "Service Thread" daemon [_thread_blocked, id=13584, stack(0x000000ec88e00000,0x000000ec88f00000)]
  0x00000201f7232800 JavaThread "C1 CompilerThread3" daemon [_thread_blocked, id=7372, stack(0x000000ec88d00000,0x000000ec88e00000)]
  0x00000201f7230000 JavaThread "C2 CompilerThread2" daemon [_thread_blocked, id=11300, stack(0x000000ec88c00000,0x000000ec88d00000)]
  0x00000201f7223800 JavaThread "C2 CompilerThread1" daemon [_thread_blocked, id=13620, stack(0x000000ec88b00000,0x000000ec88c00000)]
  0x00000201f721c800 JavaThread "C2 CompilerThread0" daemon [_thread_blocked, id=13612, stack(0x000000ec88a00000,0x000000ec88b00000)]
  0x00000201f7218000 JavaThread "Attach Listener" daemon [_thread_blocked, id=10052, stack(0x000000ec88900000,0x000000ec88a00000)]
  0x00000201f7217000 JavaThread "Signal Dispatcher" daemon [_thread_blocked, id=10320, stack(0x000000ec88800000,0x000000ec88900000)]
  0x00000201f71f2000 JavaThread "Finalizer" daemon [_thread_blocked, id=2088, stack(0x000000ec88700000,0x000000ec88800000)]
  0x00000201f71ca800 JavaThread "Reference Handler" daemon [_thread_blocked, id=7352, stack(0x000000ec88600000,0x000000ec88700000)]

Other Threads:
  0x00000201f71c7000 VMThread [stack: 0x000000ec88500000,0x000000ec88600000] [id=6792]
  0x00000201f8a2c000 WatcherThread [stack: 0x000000ec88f00000,0x000000ec89000000] [id=656]

VM state:not at safepoint (normal execution)

VM Mutex/Monitor currently owned by a thread: None

heap address: 0x00000005c1600000, size: 8170 MB, Compressed Oops mode: Zero based, Oop shift amount: 3
Narrow klass base: 0x0000000000000000, Narrow klass shift: 3
Compressed class space size: 1073741824 Address: 0x00000007c0000000

Heap:
 PSYoungGen      total 153088K, used 23189K [0x0000000715d00000, 0x0000000720780000, 0x00000007c0000000)
  eden space 131584K, 13% used [0x0000000715d00000,0x0000000716ecf668,0x000000071dd80000)
  from space 21504K, 23% used [0x000000071dd80000,0x000000071e255f58,0x000000071f280000)
  to   space 21504K, 0% used [0x000000071f280000,0x000000071f280000,0x0000000720780000)
 ParOldGen       total 349696K, used 16K [0x00000005c1600000, 0x00000005d6b80000, 0x0000000715d00000)
  object space 349696K, 0% used [0x00000005c1600000,0x00000005c1604000,0x00000005d6b80000)
 Metaspace       used 13362K, capacity 13634K, committed 13824K, reserved 1060864K
  class space    used 1339K, capacity 1432K, committed 1536K, reserved 1048576K

Card table byte_map: [0x00000201f2f40000,0x00000201f3f40000] byte_map_base: 0x00000201f0135000

Marking Bits: (ParMarkBitMap*) 0x000000006bf59030
 Begin Bits: [0x0000020180000000, 0x0000020187fa8000)
 End Bits:   [0x0000020187fa8000, 0x000002018ff50000)

Polling page: 0x00000201e2360000

CodeCache: size=245760Kb used=5247Kb max_used=5258Kb free=240512Kb
 bounds [0x00000201e3b80000, 0x00000201e40b0000, 0x00000201f2b80000]
 total_blobs=2264 nmethods=1532 adapters=644
 compilation: enabled

Compilation events (10 events):
Event: 4.145 Thread 0x00000201f721c800 1528       4       sun.awt.AppContext::getAppContext (51 bytes)
Event: 4.146 Thread 0x00000201f721c800 nmethod 1528 0x00000201e40a1810 code [0x00000201e40a1940, 0x00000201e40a19d8]
Event: 4.220 Thread 0x00000201f7232800 1529       3       controlP5.Controller::value (5 bytes)
Event: 4.220 Thread 0x00000201f7232800 nmethod 1529 0x00000201e40a2b90 code [0x00000201e40a2d00, 0x00000201e40a2f10]
Event: 4.265 Thread 0x00000201f7223800 1530       4       java.lang.Integer::getChars (131 bytes)
Event: 4.270 Thread 0x00000201f7232800 1531       1       java.awt.Component::isVisible_NoClientCode (5 bytes)
Event: 4.271 Thread 0x00000201f7232800 nmethod 1531 0x00000201e40a1490 code [0x00000201e40a15e0, 0x00000201e40a16f8]
Event: 4.279 Thread 0x00000201f7223800 nmethod 1530 0x00000201e40a21d0 code [0x00000201e40a2320, 0x00000201e40a2938]
Event: 4.363 Thread 0x00000201f7232800 1532       3       java.util.HashMap$HashIterator::<init> (79 bytes)
Event: 4.363 Thread 0x00000201f7232800 nmethod 1532 0x00000201e40a1a90 code [0x00000201e40a1c00, 0x00000201e40a1fb8]

GC Heap History (2 events):
Event: 1.554 GC heap before
{Heap before GC invocations=1 (full 0):
 PSYoungGen      total 153088K, used 131584K [0x0000000715d00000, 0x0000000720780000, 0x00000007c0000000)
  eden space 131584K, 100% used [0x0000000715d00000,0x000000071dd80000,0x000000071dd80000)
  from space 21504K, 0% used [0x000000071f280000,0x000000071f280000,0x0000000720780000)
  to   space 21504K, 0% used [0x000000071dd80000,0x000000071dd80000,0x000000071f280000)
 ParOldGen       total 349696K, used 0K [0x00000005c1600000, 0x00000005d6b80000, 0x0000000715d00000)
  object space 349696K, 0% used [0x00000005c1600000,0x00000005c1600000,0x00000005d6b80000)
 Metaspace       used 12524K, capacity 12730K, committed 12928K, reserved 1060864K
  class space    used 1310K, capacity 1394K, committed 1408K, reserved 1048576K
Event: 1.560 GC heap after
Heap after GC invocations=1 (full 0):
 PSYoungGen      total 153088K, used 4951K [0x0000000715d00000, 0x0000000720780000, 0x00000007c0000000)
  eden space 131584K, 0% used [0x0000000715d00000,0x0000000715d00000,0x000000071dd80000)
  from space 21504K, 23% used [0x000000071dd80000,0x000000071e255f58,0x000000071f280000)
  to   space 21504K, 0% used [0x000000071f280000,0x000000071f280000,0x0000000720780000)
 ParOldGen       total 349696K, used 16K [0x00000005c1600000, 0x00000005d6b80000, 0x0000000715d00000)
  object space 349696K, 0% used [0x00000005c1600000,0x00000005c1604000,0x00000005d6b80000)
 Metaspace       used 12524K, capacity 12730K, committed 12928K, reserved 1060864K
  class space    used 1310K, capacity 1394K, committed 1408K, reserved 1048576K
}

Deoptimization events (7 events):
Event: 0.829 Thread 0x00000201f964c000 Uncommon trap: reason=class_check action=maybe_recompile pc=0x00000201e3cfb7e0 method=java.lang.String.equals(Ljava/lang/Object;)Z @ 8
Event: 0.829 Thread 0x00000201f964c000 Uncommon trap: reason=class_check action=maybe_recompile pc=0x00000201e3cfb7e0 method=java.lang.String.equals(Ljava/lang/Object;)Z @ 8
Event: 0.829 Thread 0x00000201f964c000 Uncommon trap: reason=class_check action=maybe_recompile pc=0x00000201e3cfb7e0 method=java.lang.String.equals(Ljava/lang/Object;)Z @ 8
Event: 0.829 Thread 0x00000201f964c000 Uncommon trap: reason=class_check action=maybe_recompile pc=0x00000201e3cfb7e0 method=java.lang.String.equals(Ljava/lang/Object;)Z @ 8
Event: 0.879 Thread 0x00000201f964c000 Uncommon trap: reason=unstable_if action=reinterpret pc=0x00000201e3d9907c method=java.lang.String.<init>([CII)V @ 18
Event: 0.919 Thread 0x00000201f964c000 Uncommon trap: reason=unstable_if action=reinterpret pc=0x00000201e3e0e964 method=java.lang.ThreadLocal$ThreadLocalMap.getEntry(Ljava/lang/ThreadLocal;)Ljava/lang/ThreadLocal$ThreadLocalMap$Entry; @ 21
Event: 1.663 Thread 0x00000201f964b800 Uncommon trap: reason=predicate action=maybe_recompile pc=0x00000201e3df70cc method=java.util.ArrayList.indexOf(Ljava/lang/Object;)I @ 44

Classes redefined (0 events):
No events

Internal exceptions (10 events):
Event: 1.206 Thread 0x00000201f964c000 Exception <a 'java/io/FileNotFoundException'> (0x0000000717eab5e8) thrown at [C:\jenkins\workspace\8-2-build-windows-x64-cygwin\jdk8u341\2692\hotspot\src\share\vm\prims\jni.cpp, line 710]
Event: 1.300 Thread 0x00000201f964c000 Exception <a 'java/io/FileNotFoundException'> (0x0000000717ec17c0) thrown at [C:\jenkins\workspace\8-2-build-windows-x64-cygwin\jdk8u341\2692\hotspot\src\share\vm\prims\jni.cpp, line 710]
Event: 1.300 Thread 0x00000201f964c000 Exception <a 'java/io/FileNotFoundException'> (0x0000000717ed1390) thrown at [C:\jenkins\workspace\8-2-build-windows-x64-cygwin\jdk8u341\2692\hotspot\src\share\vm\prims\jni.cpp, line 710]
Event: 1.394 Thread 0x00000201f964c000 Exception <a 'java/io/FileNotFoundException'> (0x0000000717ee7590) thrown at [C:\jenkins\workspace\8-2-build-windows-x64-cygwin\jdk8u341\2692\hotspot\src\share\vm\prims\jni.cpp, line 710]
Event: 1.395 Thread 0x00000201f964c000 Exception <a 'java/io/FileNotFoundException'> (0x0000000717f01138) thrown at [C:\jenkins\workspace\8-2-build-windows-x64-cygwin\jdk8u341\2692\hotspot\src\share\vm\prims\jni.cpp, line 710]
Event: 1.486 Thread 0x00000201f964c000 Exception <a 'java/io/FileNotFoundException'> (0x0000000717f17310) thrown at [C:\jenkins\workspace\8-2-build-windows-x64-cygwin\jdk8u341\2692\hotspot\src\share\vm\prims\jni.cpp, line 710]
Event: 3.187 Thread 0x00000201f964c000 Exception <a 'java/io/FileNotFoundException'> (0x0000000716b0d2d8) thrown at [C:\jenkins\workspace\8-2-build-windows-x64-cygwin\jdk8u341\2692\hotspot\src\share\vm\prims\jni.cpp, line 710]
Event: 3.270 Thread 0x00000201f964c000 Exception <a 'java/io/FileNotFoundException'> (0x0000000716b23698) thrown at [C:\jenkins\workspace\8-2-build-windows-x64-cygwin\jdk8u341\2692\hotspot\src\share\vm\prims\jni.cpp, line 710]
Event: 3.271 Thread 0x00000201f964c000 Exception <a 'java/io/FileNotFoundException'> (0x0000000716b3b520) thrown at [C:\jenkins\workspace\8-2-build-windows-x64-cygwin\jdk8u341\2692\hotspot\src\share\vm\prims\jni.cpp, line 710]
Event: 3.361 Thread 0x00000201f964c000 Exception <a 'java/io/FileNotFoundException'> (0x0000000716b518e0) thrown at [C:\jenkins\workspace\8-2-build-windows-x64-cygwin\jdk8u341\2692\hotspot\src\share\vm\prims\jni.cpp, line 710]

Events (10 events):
Event: 3.388 loading class gnu/io/Zystem done
Event: 3.389 loading class gnu/io/UnSupportedLoggerException
Event: 3.389 loading class gnu/io/UnSupportedLoggerException done
Event: 3.394 loading class gnu/io/RXTXPort$MonitorThread
Event: 3.394 loading class gnu/io/RXTXPort$MonitorThread done
Event: 3.394 Thread 0x0000020190576000 Thread added: 0x0000020190576000
Event: 3.401 loading class gnu/io/SerialPortEvent
Event: 3.401 loading class gnu/io/SerialPortEvent done
Event: 4.138 Executing VM operation: EnableBiasedLocking
Event: 4.139 Executing VM operation: EnableBiasedLocking done


Dynamic libraries:
0x00007ff7cf760000 - 0x00007ff7cf7a7000 	C:\Program Files (x86)\Common Files\Oracle\Java\javapath\javaw.exe
0x00007ffa68770000 - 0x00007ffa68968000 	C:\WINDOWS\SYSTEM32\ntdll.dll
0x00007ffa67500000 - 0x00007ffa675bd000 	C:\WINDOWS\System32\KERNEL32.DLL
0x00007ffa663d0000 - 0x00007ffa6669e000 	C:\WINDOWS\System32\KERNELBASE.dll
0x00007ffa67900000 - 0x00007ffa679ae000 	C:\WINDOWS\System32\ADVAPI32.dll
0x00007ffa67d80000 - 0x00007ffa67e1e000 	C:\WINDOWS\System32\msvcrt.dll
0x00007ffa67ae0000 - 0x00007ffa67b7c000 	C:\WINDOWS\System32\sechost.dll
0x00007ffa68600000 - 0x00007ffa68725000 	C:\WINDOWS\System32\RPCRT4.dll
0x00007ffa675c0000 - 0x00007ffa67760000 	C:\WINDOWS\System32\USER32.dll
0x00007ffa666a0000 - 0x00007ffa666c2000 	C:\WINDOWS\System32\win32u.dll
0x00007ffa67820000 - 0x00007ffa6784a000 	C:\WINDOWS\System32\GDI32.dll
0x00007ffa66060000 - 0x00007ffa6616b000 	C:\WINDOWS\System32\gdi32full.dll
0x00007ffa65ec0000 - 0x00007ffa65f5d000 	C:\WINDOWS\System32\msvcp_win.dll
0x00007ffa666d0000 - 0x00007ffa667d0000 	C:\WINDOWS\System32\ucrtbase.dll
0x00007ffa45140000 - 0x00007ffa453da000 	C:\WINDOWS\WinSxS\amd64_microsoft.windows.common-controls_6595b64144ccf1df_6.0.19041.1110_none_60b5254171f9507e\COMCTL32.dll
0x00007ffa67d50000 - 0x00007ffa67d80000 	C:\WINDOWS\System32\IMM32.DLL
0x00007ff9d9e20000 - 0x00007ff9d9e35000 	C:\Program Files\Java\jre1.8.0_341\bin\vcruntime140.dll
0x00007ff9d9d80000 - 0x00007ff9d9e1b000 	C:\Program Files\Java\jre1.8.0_341\bin\msvcp140.dll
0x000000006b770000 - 0x000000006bfd1000 	C:\Program Files\Java\jre1.8.0_341\bin\server\jvm.dll
0x00007ffa66840000 - 0x00007ffa66848000 	C:\WINDOWS\System32\PSAPI.DLL
0x00007ff9f4f40000 - 0x00007ff9f4f49000 	C:\WINDOWS\SYSTEM32\WSOCK32.dll
0x00007ffa5f420000 - 0x00007ffa5f42a000 	C:\WINDOWS\SYSTEM32\VERSION.dll
0x00007ffa5e750000 - 0x00007ffa5e777000 	C:\WINDOWS\SYSTEM32\WINMM.dll
0x00007ffa67e20000 - 0x00007ffa67e8b000 	C:\WINDOWS\System32\WS2_32.dll
0x00007ffa63da0000 - 0x00007ffa63db2000 	C:\WINDOWS\SYSTEM32\kernel.appcore.dll
0x00007ff9e24e0000 - 0x00007ff9e24f0000 	C:\Program Files\Java\jre1.8.0_341\bin\verify.dll
0x00007ff9d9d50000 - 0x00007ff9d9d7b000 	C:\Program Files\Java\jre1.8.0_341\bin\java.dll
0x00007ff9d9d30000 - 0x00007ff9d9d48000 	C:\Program Files\Java\jre1.8.0_341\bin\zip.dll
0x00007ffa67eb0000 - 0x00007ffa685f3000 	C:\WINDOWS\System32\SHELL32.dll
0x00007ffa63fa0000 - 0x00007ffa64735000 	C:\WINDOWS\SYSTEM32\windows.storage.dll
0x00007ffa67140000 - 0x00007ffa67494000 	C:\WINDOWS\System32\combase.dll
0x00007ffa658f0000 - 0x00007ffa65920000 	C:\WINDOWS\SYSTEM32\Wldp.dll
0x00007ffa67850000 - 0x00007ffa678fd000 	C:\WINDOWS\System32\SHCORE.dll
0x00007ffa677c0000 - 0x00007ffa67815000 	C:\WINDOWS\System32\shlwapi.dll
0x00007ffa65dd0000 - 0x00007ffa65def000 	C:\WINDOWS\SYSTEM32\profapi.dll
0x00007ff9d9b90000 - 0x00007ff9d9d25000 	C:\Program Files\Java\jre1.8.0_341\bin\awt.dll
0x00007ffa66fe0000 - 0x00007ffa670ad000 	C:\WINDOWS\System32\OLEAUT32.dll
0x00007ffa636e0000 - 0x00007ffa63770000 	C:\WINDOWS\SYSTEM32\apphelp.dll
0x00007ffa63820000 - 0x00007ffa638be000 	C:\WINDOWS\system32\uxtheme.dll
0x00007ffa67c30000 - 0x00007ffa67d45000 	C:\WINDOWS\System32\MSCTF.dll
0x00007ffa679b0000 - 0x00007ffa67ada000 	C:\WINDOWS\System32\ole32.dll
0x00007ffa661e0000 - 0x00007ffa66262000 	C:\WINDOWS\System32\bcryptPrimitives.dll
0x00007ffa63bc0000 - 0x00007ffa63bef000 	C:\WINDOWS\system32\DWMAPI.DLL
0x00007ff9d99d0000 - 0x00007ff9d9af7000 	C:\WINDOWS\system32\opengl32.dll
0x00007ff9d99a0000 - 0x00007ff9d99cc000 	C:\WINDOWS\SYSTEM32\GLU32.dll
0x00007ffa55cd0000 - 0x00007ffa55e9f000 	C:\WINDOWS\system32\d3d9.dll
0x00007ffa5b0d0000 - 0x00007ffa5b1e7000 	C:\WINDOWS\System32\DriverStore\FileRepository\nv_dispi.inf_amd64_70cfb45e19c20af4\nvldumdx.dll
0x00007ffa65a80000 - 0x00007ffa65a92000 	C:\WINDOWS\SYSTEM32\msasn1.dll
0x00007ffa5f240000 - 0x00007ffa5f271000 	C:\WINDOWS\SYSTEM32\cryptnet.dll
0x00007ffa66270000 - 0x00007ffa663c6000 	C:\WINDOWS\System32\CRYPT32.dll
0x00007ffa5efe0000 - 0x00007ffa5f128000 	C:\WINDOWS\SYSTEM32\drvstore.dll
0x00007ffa65c60000 - 0x00007ffa65c8c000 	C:\WINDOWS\SYSTEM32\devobj.dll
0x00007ffa65f60000 - 0x00007ffa65fae000 	C:\WINDOWS\System32\cfgmgr32.dll
0x00007ffa65860000 - 0x00007ffa6586c000 	C:\WINDOWS\SYSTEM32\cryptbase.dll
0x00007ffa66170000 - 0x00007ffa661d9000 	C:\WINDOWS\System32\WINTRUST.DLL
0x00007ffa67e90000 - 0x00007ffa67ead000 	C:\WINDOWS\System32\imagehlp.dll
0x00007ffa65840000 - 0x00007ffa65858000 	C:\WINDOWS\SYSTEM32\CRYPTSP.dll
0x00007ffa64f60000 - 0x00007ffa64f94000 	C:\WINDOWS\system32\rsaenh.dll
0x00007ffa65e90000 - 0x00007ffa65eb7000 	C:\WINDOWS\System32\bcrypt.dll
0x00007ff9d8190000 - 0x00007ff9d999a000 	C:\WINDOWS\System32\DriverStore\FileRepository\nv_dispi.inf_amd64_70cfb45e19c20af4\nvd3dumx.dll
0x00007ff9e6840000 - 0x00007ff9e6b07000 	C:\WINDOWS\system32\nvspcap64.dll
0x00007ffa64b90000 - 0x00007ffa64bc3000 	C:\WINDOWS\SYSTEM32\ntmarta.dll
0x00007ffa64750000 - 0x00007ffa64773000 	C:\WINDOWS\SYSTEM32\gpapi.dll
0x00007ffa5bc10000 - 0x00007ffa5bc4b000 	C:\WINDOWS\SYSTEM32\dxcore.dll
0x00007ff9d8140000 - 0x00007ff9d8189000 	C:\Program Files\Java\jre1.8.0_341\bin\fontmanager.dll
0x0000000010000000 - 0x000000001005a000 	F:\Drone Project\MultiWii_2_4\MultiWiiConf\application.windows64\jogl.dll
0x000000006b6a0000 - 0x000000006b769000 	C:\WINDOWS\WinSxS\amd64_microsoft.vc80.crt_1fc8b3b9a1e18e3b_8.0.50727.9672_none_88e266cb2fac7c0d\MSVCR80.dll
0x00007ffa40910000 - 0x00007ffa40917000 	C:\Program Files\Java\jre1.8.0_341\bin\jawt.dll
0x0000000000ff0000 - 0x0000000000ff7000 	F:\Drone Project\MultiWii_2_4\MultiWiiConf\application.windows64\jogl_awt.dll
0x00007ffa5bb10000 - 0x00007ffa5bc09000 	C:\WINDOWS\SYSTEM32\textinputframework.dll
0x00007ffa63150000 - 0x00007ffa634ae000 	C:\WINDOWS\System32\CoreUIComponents.dll
0x00007ffa634b0000 - 0x00007ffa635a2000 	C:\WINDOWS\System32\CoreMessaging.dll
0x00007ffa629a0000 - 0x00007ffa62af4000 	C:\WINDOWS\SYSTEM32\wintypes.dll
0x00007ffa67b80000 - 0x00007ffa67c29000 	C:\WINDOWS\System32\clbcatq.dll
0x00007ffa60d20000 - 0x00007ffa60e17000 	C:\Windows\System32\AppXDeploymentClient.dll
0x00007ff9d3740000 - 0x00007ff9d68fa000 	C:\WINDOWS\System32\DriverStore\FileRepository\nv_dispi.inf_amd64_70cfb45e19c20af4\nvoglv64.dll
0x00007ffa66850000 - 0x00007ffa66cbf000 	C:\WINDOWS\System32\SETUPAPI.dll
0x00007ffa61840000 - 0x00007ffa61854000 	C:\WINDOWS\SYSTEM32\WTSAPI32.dll
0x00007ffa65410000 - 0x00007ffa6545b000 	C:\WINDOWS\SYSTEM32\powrprof.dll
0x00007ffa652d0000 - 0x00007ffa652e2000 	C:\WINDOWS\SYSTEM32\UMPDC.dll
0x00007ffa64c00000 - 0x00007ffa64c5a000 	C:\WINDOWS\SYSTEM32\WINSTA.dll
0x00007ff9d8120000 - 0x00007ff9d813c000 	C:\Program Files\Java\jre1.8.0_341\bin\net.dll
0x00007ffa65650000 - 0x00007ffa656ba000 	C:\WINDOWS\system32\mswsock.dll
0x00007ff9d8100000 - 0x00007ff9d8113000 	C:\Program Files\Java\jre1.8.0_341\bin\nio.dll
0x00007ff9d80b0000 - 0x00007ff9d80f3000 	C:\Program Files\Java\jre1.8.0_341\bin\t2k.dll
0x0000000180000000 - 0x0000000180025000 	F:\Drone Project\MultiWii_2_4\MultiWiiConf\application.windows64\rxtxSerial.dll
0x00007ffa5a580000 - 0x00007ffa5a764000 	C:\WINDOWS\SYSTEM32\dbghelp.dll

VM Arguments:
java_command: MultiWiiConf
java_class_path (initial): F:\Drone Project\MultiWii_2_4\MultiWiiConf\application.windows64\lib\MultiWiiConf.jar;F:\Drone Project\MultiWii_2_4\MultiWiiConf\application.windows64\lib\core.jar;F:\Drone Project\MultiWii_2_4\MultiWiiConf\application.windows64\lib\RXTXcomm.jar;F:\Drone Project\MultiWii_2_4\MultiWiiConf\application.windows64\lib\serial.jar;F:\Drone Project\MultiWii_2_4\MultiWiiConf\application.windows64\lib\controlP5.jar;F:\Drone Project\MultiWii_2_4\MultiWiiConf\application.windows64\lib\controlP5_ori.jar;F:\Drone Project\MultiWii_2_4\MultiWiiConf\application.windows64\lib\gluegen-rt.jar;F:\Drone Project\MultiWii_2_4\MultiWiiConf\application.windows64\lib\jogl.jar;F:\Drone Project\MultiWii_2_4\MultiWiiConf\application.windows64\lib\opengl.jar
Launcher Type: SUN_STANDARD

Environment Variables:
CLASSPATH=F:\Drone Project\MultiWii_2_4\MultiWiiConf\application.windows64\lib\MultiWiiConf.jar;F:\Drone Project\MultiWii_2_4\MultiWiiConf\application.windows64\lib\core.jar;F:\Drone Project\MultiWii_2_4\MultiWiiConf\application.windows64\lib\RXTXcomm.jar;F:\Drone Project\MultiWii_2_4\MultiWiiConf\application.windows64\lib\serial.jar;F:\Drone Project\MultiWii_2_4\MultiWiiConf\application.windows64\lib\controlP5.jar;F:\Drone Project\MultiWii_2_4\MultiWiiConf\application.windows64\lib\controlP5_ori.jar;F:\Drone Project\MultiWii_2_4\MultiWiiConf\application.windows64\lib\gluegen-rt.jar;F:\Drone Project\MultiWii_2_4\MultiWiiConf\application.windows64\lib\jogl.jar;F:\Drone Project\MultiWii_2_4\MultiWiiConf\application.windows64\lib\opengl.jar
PATH=C:\Program Files (x86)\Common Files\Oracle\Java\javapath;C:\WINDOWS\system32;C:\WINDOWS;C:\WINDOWS\System32\Wbem;C:\WINDOWS\System32\WindowsPowerShell\v1.0;C:\Program Files\NVIDIA Corporation\NVIDIA NvDLISR;C:\Program Files (x86)\NVIDIA Corporation\PhysX\Common;C:\Program Files\dotnet;E:\Git\cmd;C:\Users\Piltz Gergely\AppData\Local\Microsoft\WindowsApps;E:\Microsoft VS Code\bin;C:\Users\Piltz Gergely\AppData\Local\GitHubDesktop\bin
USERNAME=Piltz Gergely
OS=Windows_NT
PROCESSOR_IDENTIFIER=Intel64 Family 6 Model 79 Stepping 1, GenuineIntel



---------------  S Y S T E M  ---------------

OS: Windows 10 , 64 bit Build 19041 (10.0.19041.1889)

CPU:total 12 (initial active 12) (6 cores per cpu, 2 threads per core) family 6 model 79 stepping 1, cmov, cx8, fxsr, mmx, sse, sse2, sse3, ssse3, sse4.1, sse4.2, popcnt, avx, avx2, aes, clmul, erms, rtm, 3dnowpref, lzcnt, ht, tsc, tscinvbit, bmi1, bmi2, adx

Memory: 4k page, physical 33461692k(27270384k free), swap 33461692k(23660296k free)

vm_info: Java HotSpot(TM) 64-Bit Server VM (25.341-b10) for windows-amd64 JRE (1.8.0_341-b10), built on Jun 16 2022 15:51:07 by "java_re" with MS VC++ 15.9 (VS2017)

time: Sun Oct  2 14:37:48 2022
timezone: Central Europe Daylight Time
elapsed time: 4.456273 seconds (0d 0h 0m 4s)

