#
# A fatal error has been detected by the Java Runtime Environment:
#
#  EXCEPTION_ACCESS_VIOLATION (0xc0000005) at pc=0x00000001800044cb, pid=18176, tid=0x0000000000001cc4
#
# JRE version: Java(TM) SE Runtime Environment (8.0_341-b10) (build 1.8.0_341-b10)
# Java VM: Java HotSpot(TM) 64-Bit Server VM (25.341-b10 mixed mode windows-amd64 compressed oops)
# Problematic frame:
# C  [rxtxSerial.dll+0x44cb]
#
# Failed to write core dump. Minidumps are not enabled by default on client versions of Windows
#
# If you would like to submit a bug report, please visit:
#   http://bugreport.java.com/bugreport/crash.jsp
# The crash happened outside the Java Virtual Machine in native code.
# See problematic frame for where to report the bug.
#

---------------  T H R E A D  ---------------

Current thread (0x00000206fbd3a000):  JavaThread "Animation Thread" [_thread_in_native, id=7364, stack(0x0000005c64db0000,0x0000005c64eb0000)]

siginfo: ExceptionCode=0xc0000005, reading address 0x00000000656beb9c

Registers:
RAX=0x000000000000001c, RBX=0x0000000000000001, RCX=0x0000005c64eaef6c, RDX=0x0000000000000000
RSP=0x0000005c64eaeb90, RBP=0x0000000000000001, RSI=0x0000000000000000, RDI=0x00000206fbd3a200
R8 =0x0000005c64eae850, R9 =0x0000000180000000, R10=0x0000000000000000, R11=0x0000000000000200
R12=0x00000000656beb90, R13=0x0000000000000000, R14=0x0000005c64eaf080, R15=0x00000206fbd3a000
RIP=0x00000001800044cb, EFLAGS=0x0000000000010206

Top of Stack: (sp=0x0000005c64eaeb90)
0x0000005c64eaeb90:   00000206874a1b68 000000018001c4c0
0x0000005c64eaeba0:   0000000000000000 0000000000000001
0x0000005c64eaebb0:   00000206f8136740 00000206fbd3a000
0x0000005c64eaebc0:   0000005c64eaf080 00000206fbd3a000
0x0000005c64eaebd0:   00000007c0002368 00000007c0002368
0x0000005c64eaebe0:   00000206f8136740 00000206fbd3a000
0x0000005c64eaebf0:   000041eb7050dca9 00000206fbd3a000
0x0000005c64eaec00:   0000005c64eaed00 000000005dc273ac
0x0000005c64eaec10:   0000000000000000 0000000000000000
0x0000005c64eaec20:   00000206d49bdde0 000000005dcfc597
0x0000005c64eaec30:   000000005e09aef0 000000005dcfe155
0x0000005c64eaec40:   0000000000000004 0000000000000004
0x0000005c64eaec50:   000041eb7050dd09 00000206fbd3a000
0x0000005c64eaec60:   00000206d49bdde0 000000005dbaf9b5
0x0000005c64eaec70:   00000206874a1b68 0000005c64eaed00
0x0000005c64eaec80:   0000000000000000 0000005c64eaedd0 

Instructions: (pc=0x00000001800044cb)
0x00000001800044ab:   1f 48 8b d3 48 8b cf 41 ff 93 b8 00 00 00 45 84
0x00000001800044bb:   ed 0f 85 b7 00 00 00 4d 85 e4 0f 84 ae 00 00 00
0x00000001800044cb:   41 83 7c 24 0c 00 0f 84 a2 00 00 00 48 8d 4c 24
0x00000001800044db:   38 49 8b d4 41 b8 40 03 00 00 e8 06 64 00 00 4c 


Register to memory mapping:

RAX=0x000000000000001c is an unknown value
RBX=0x0000000000000001 is an unknown value
RCX=0x0000005c64eaef6c is pointing into the stack for thread: 0x00000206fbd3a000
RDX=0x0000000000000000 is an unknown value
RSP=0x0000005c64eaeb90 is pointing into the stack for thread: 0x00000206fbd3a000
RBP=0x0000000000000001 is an unknown value
RSI=0x0000000000000000 is an unknown value
RDI=0x00000206fbd3a200 is an unknown value
R8 =0x0000005c64eae850 is pointing into the stack for thread: 0x00000206fbd3a000
R9 =0x0000000180000000 is an unknown value
R10=0x0000000000000000 is an unknown value
R11=0x0000000000000200 is an unknown value
R12=0x00000000656beb90 is an unknown value
R13=0x0000000000000000 is an unknown value
R14=0x0000005c64eaf080 is pointing into the stack for thread: 0x00000206fbd3a000
R15=0x00000206fbd3a000 is a thread


Stack: [0x0000005c64db0000,0x0000005c64eb0000],  sp=0x0000005c64eaeb90,  free space=1018k
Native frames: (J=compiled Java code, j=interpreted, Vv=VM code, C=native code)
C  [rxtxSerial.dll+0x44cb]
C  0x00000206d62da02e

Java frames: (J=compiled Java code, j=interpreted, Vv=VM code)
j  gnu.io.RXTXPort.nativeDrain(Z)Z+0
j  gnu.io.RXTXPort$SerialOutputStream.flush()V+92
j  processing.serial.Serial.write([B)V+12
j  MultiWiiConf.sendRequestMSP(Ljava/util/List;)V+60
j  MultiWiiConf.draw()V+934
j  processing.core.PApplet.handleDraw()V+145
j  processing.core.PApplet.run()V+72
j  java.lang.Thread.run()V+11
v  ~StubRoutines::call_stub

---------------  P R O C E S S  ---------------

Java Threads: ( => current thread )
  0x00000206feb28800 JavaThread "Thread-3" [_thread_in_native, id=1396, stack(0x0000005c655c0000,0x0000005c656c0000)]
  0x00000206feb2a000 JavaThread "DestroyJavaVM" [_thread_blocked, id=10984, stack(0x0000005c63000000,0x0000005c63100000)]
  0x00000206fbd3a800 JavaThread "D3D Screen Updater" daemon [_thread_blocked, id=14216, stack(0x0000005c64eb0000,0x0000005c64fb0000)]
=>0x00000206fbd3a000 JavaThread "Animation Thread" [_thread_in_native, id=7364, stack(0x0000005c64db0000,0x0000005c64eb0000)]
  0x00000206fbd39000 JavaThread "Image Fetcher 0" daemon [_thread_blocked, id=10804, stack(0x0000005c64cb0000,0x0000005c64db0000)]
  0x00000206fbd37800 JavaThread "AWT-EventQueue-0" [_thread_blocked, id=11548, stack(0x0000005c64bb0000,0x0000005c64cb0000)]
  0x00000206fb489000 JavaThread "AWT-Windows" daemon [_thread_in_native, id=12864, stack(0x0000005c64800000,0x0000005c64900000)]
  0x00000206fb62a800 JavaThread "AWT-Shutdown" [_thread_blocked, id=444, stack(0x0000005c64700000,0x0000005c64800000)]
  0x00000206fb5d8000 JavaThread "Java2D Disposer" daemon [_thread_blocked, id=11024, stack(0x0000005c64600000,0x0000005c64700000)]
  0x00000206f990e000 JavaThread "Service Thread" daemon [_thread_blocked, id=7920, stack(0x0000005c64400000,0x0000005c64500000)]
  0x00000206f98d4000 JavaThread "C1 CompilerThread3" daemon [_thread_blocked, id=9512, stack(0x0000005c64300000,0x0000005c64400000)]
  0x00000206f98d0800 JavaThread "C2 CompilerThread2" daemon [_thread_blocked, id=17680, stack(0x0000005c64200000,0x0000005c64300000)]
  0x00000206f98cd800 JavaThread "C2 CompilerThread1" daemon [_thread_blocked, id=2396, stack(0x0000005c64100000,0x0000005c64200000)]
  0x00000206f98cb800 JavaThread "C2 CompilerThread0" daemon [_thread_blocked, id=16016, stack(0x0000005c64000000,0x0000005c64100000)]
  0x00000206f98ca800 JavaThread "Attach Listener" daemon [_thread_blocked, id=16520, stack(0x0000005c63f00000,0x0000005c64000000)]
  0x00000206f98c9000 JavaThread "Signal Dispatcher" daemon [_thread_blocked, id=1928, stack(0x0000005c63e00000,0x0000005c63f00000)]
  0x00000206f98a2000 JavaThread "Finalizer" daemon [_thread_blocked, id=18204, stack(0x0000005c63d00000,0x0000005c63e00000)]
  0x00000206f987b000 JavaThread "Reference Handler" daemon [_thread_blocked, id=12748, stack(0x0000005c63c00000,0x0000005c63d00000)]

Other Threads:
  0x00000206f9876000 VMThread [stack: 0x0000005c63b00000,0x0000005c63c00000] [id=13408]
  0x00000206fb105000 WatcherThread [stack: 0x0000005c64500000,0x0000005c64600000] [id=13652]

VM state:not at safepoint (normal execution)

VM Mutex/Monitor currently owned by a thread: None

heap address: 0x00000005c1600000, size: 8170 MB, Compressed Oops mode: Zero based, Oop shift amount: 3
Narrow klass base: 0x0000000000000000, Narrow klass shift: 3
Compressed class space size: 1073741824 Address: 0x00000007c0000000

Heap:
 PSYoungGen      total 153088K, used 23227K [0x0000000715d00000, 0x0000000720780000, 0x00000007c0000000)
  eden space 131584K, 13% used [0x0000000715d00000,0x0000000716ecf678,0x000000071dd80000)
  from space 21504K, 23% used [0x000000071dd80000,0x000000071e25f8c8,0x000000071f280000)
  to   space 21504K, 0% used [0x000000071f280000,0x000000071f280000,0x0000000720780000)
 ParOldGen       total 349696K, used 16K [0x00000005c1600000, 0x00000005d6b80000, 0x0000000715d00000)
  object space 349696K, 0% used [0x00000005c1600000,0x00000005c1604000,0x00000005d6b80000)
 Metaspace       used 13349K, capacity 13534K, committed 13696K, reserved 1060864K
  class space    used 1338K, capacity 1400K, committed 1408K, reserved 1048576K

Card table byte_map: [0x00000206e5680000,0x00000206e6680000] byte_map_base: 0x00000206e2875000

Marking Bits: (ParMarkBitMap*) 0x000000005e2d9030
 Begin Bits: [0x00000206e7130000, 0x00000206ef0d8000)
 End Bits:   [0x00000206ef0d8000, 0x00000206f7080000)

Polling page: 0x00000206d4970000

CodeCache: size=245760Kb used=5233Kb max_used=5244Kb free=240526Kb
 bounds [0x00000206d62c0000, 0x00000206d67f0000, 0x00000206e52c0000]
 total_blobs=2259 nmethods=1527 adapters=644
 compilation: enabled

Compilation events (10 events):
Event: 3.782 Thread 0x00000206f98d4000 1523       3       processing.core.PGraphics3D::sqrt (7 bytes)
Event: 3.782 Thread 0x00000206f98d4000 nmethod 1523 0x00000206d67d98d0 code [0x00000206d67d9a20, 0x00000206d67d9b98]
Event: 3.884 Thread 0x00000206f98d4000 1524       3       controlP5.Controller::value (5 bytes)
Event: 3.885 Thread 0x00000206f98d4000 nmethod 1524 0x00000206d67dfdd0 code [0x00000206d67dff40, 0x00000206d67e0150]
Event: 3.932 Thread 0x00000206f98d0800 1525       4       java.lang.Integer::getChars (131 bytes)
Event: 3.938 Thread 0x00000206f98d4000 1526       1       java.awt.Component::isVisible_NoClientCode (5 bytes)
Event: 3.938 Thread 0x00000206f98d4000 nmethod 1526 0x00000206d67dab90 code [0x00000206d67dace0, 0x00000206d67dadf8]
Event: 3.946 Thread 0x00000206f98d0800 nmethod 1525 0x00000206d67df410 code [0x00000206d67df560, 0x00000206d67dfb78]
Event: 4.029 Thread 0x00000206f98d4000 1527       3       java.util.HashMap$HashIterator::<init> (79 bytes)
Event: 4.030 Thread 0x00000206f98d4000 nmethod 1527 0x00000206d67e18d0 code [0x00000206d67e1a40, 0x00000206d67e1df8]

GC Heap History (2 events):
Event: 1.329 GC heap before
{Heap before GC invocations=1 (full 0):
 PSYoungGen      total 153088K, used 131584K [0x0000000715d00000, 0x0000000720780000, 0x00000007c0000000)
  eden space 131584K, 100% used [0x0000000715d00000,0x000000071dd80000,0x000000071dd80000)
  from space 21504K, 0% used [0x000000071f280000,0x000000071f280000,0x0000000720780000)
  to   space 21504K, 0% used [0x000000071dd80000,0x000000071dd80000,0x000000071f280000)
 ParOldGen       total 349696K, used 0K [0x00000005c1600000, 0x00000005d6b80000, 0x0000000715d00000)
  object space 349696K, 0% used [0x00000005c1600000,0x00000005c1600000,0x00000005d6b80000)
 Metaspace       used 12588K, capacity 12794K, committed 12928K, reserved 1060864K
  class space    used 1313K, capacity 1394K, committed 1408K, reserved 1048576K
Event: 1.335 GC heap after
Heap after GC invocations=1 (full 0):
 PSYoungGen      total 153088K, used 4990K [0x0000000715d00000, 0x0000000720780000, 0x00000007c0000000)
  eden space 131584K, 0% used [0x0000000715d00000,0x0000000715d00000,0x000000071dd80000)
  from space 21504K, 23% used [0x000000071dd80000,0x000000071e25f8c8,0x000000071f280000)
  to   space 21504K, 0% used [0x000000071f280000,0x000000071f280000,0x0000000720780000)
 ParOldGen       total 349696K, used 16K [0x00000005c1600000, 0x00000005d6b80000, 0x0000000715d00000)
  object space 349696K, 0% used [0x00000005c1600000,0x00000005c1604000,0x00000005d6b80000)
 Metaspace       used 12588K, capacity 12794K, committed 12928K, reserved 1060864K
  class space    used 1313K, capacity 1394K, committed 1408K, reserved 1048576K
}

Deoptimization events (8 events):
Event: 1.026 Thread 0x00000206fbd3a000 Uncommon trap: reason=class_check action=maybe_recompile pc=0x00000206d643cfe0 method=java.lang.String.equals(Ljava/lang/Object;)Z @ 8
Event: 1.026 Thread 0x00000206fbd3a000 Uncommon trap: reason=class_check action=maybe_recompile pc=0x00000206d643cfe0 method=java.lang.String.equals(Ljava/lang/Object;)Z @ 8
Event: 1.026 Thread 0x00000206fbd3a000 Uncommon trap: reason=class_check action=maybe_recompile pc=0x00000206d643cfe0 method=java.lang.String.equals(Ljava/lang/Object;)Z @ 8
Event: 1.026 Thread 0x00000206fbd3a000 Uncommon trap: reason=class_check action=maybe_recompile pc=0x00000206d643cfe0 method=java.lang.String.equals(Ljava/lang/Object;)Z @ 8
Event: 1.084 Thread 0x00000206fbd3a000 Uncommon trap: reason=unstable_if action=reinterpret pc=0x00000206d64d67e0 method=java.lang.String.<init>([CII)V @ 18
Event: 1.127 Thread 0x00000206fbd3a000 Uncommon trap: reason=unstable_if action=reinterpret pc=0x00000206d6561b24 method=java.lang.ThreadLocal$ThreadLocalMap.getEntry(Ljava/lang/ThreadLocal;)Ljava/lang/ThreadLocal$ThreadLocalMap$Entry; @ 21
Event: 1.435 Thread 0x00000206fbd37800 Uncommon trap: reason=predicate action=maybe_recompile pc=0x00000206d654050c method=java.util.ArrayList.indexOf(Ljava/lang/Object;)I @ 44
Event: 1.572 Thread 0x00000206fbd3a000 Uncommon trap: reason=unstable_if action=reinterpret pc=0x00000206d66597bc method=processing.core.PFont$Glyph.<init>(Lprocessing/core/PFont;C)V @ 409

Classes redefined (0 events):
No events

Internal exceptions (10 events):
Event: 1.177 Thread 0x00000206fbd3a000 Exception <a 'java/io/FileNotFoundException'> (0x0000000717eabaa0) thrown at [C:\jenkins\workspace\8-2-build-windows-x64-cygwin\jdk8u341\2692\hotspot\src\share\vm\prims\jni.cpp, line 710]
Event: 1.194 Thread 0x00000206fbd3a000 Exception <a 'java/io/FileNotFoundException'> (0x0000000717ec1c78) thrown at [C:\jenkins\workspace\8-2-build-windows-x64-cygwin\jdk8u341\2692\hotspot\src\share\vm\prims\jni.cpp, line 710]
Event: 1.195 Thread 0x00000206fbd3a000 Exception <a 'java/io/FileNotFoundException'> (0x0000000717ed1848) thrown at [C:\jenkins\workspace\8-2-build-windows-x64-cygwin\jdk8u341\2692\hotspot\src\share\vm\prims\jni.cpp, line 710]
Event: 1.210 Thread 0x00000206fbd3a000 Exception <a 'java/io/FileNotFoundException'> (0x0000000717ee7a40) thrown at [C:\jenkins\workspace\8-2-build-windows-x64-cygwin\jdk8u341\2692\hotspot\src\share\vm\prims\jni.cpp, line 710]
Event: 1.211 Thread 0x00000206fbd3a000 Exception <a 'java/io/FileNotFoundException'> (0x0000000717f015e8) thrown at [C:\jenkins\workspace\8-2-build-windows-x64-cygwin\jdk8u341\2692\hotspot\src\share\vm\prims\jni.cpp, line 710]
Event: 1.226 Thread 0x00000206fbd3a000 Exception <a 'java/io/FileNotFoundException'> (0x0000000717f177c0) thrown at [C:\jenkins\workspace\8-2-build-windows-x64-cygwin\jdk8u341\2692\hotspot\src\share\vm\prims\jni.cpp, line 710]
Event: 3.031 Thread 0x00000206fbd3a000 Exception <a 'java/io/FileNotFoundException'> (0x0000000716b16398) thrown at [C:\jenkins\workspace\8-2-build-windows-x64-cygwin\jdk8u341\2692\hotspot\src\share\vm\prims\jni.cpp, line 710]
Event: 3.044 Thread 0x00000206fbd3a000 Exception <a 'java/io/FileNotFoundException'> (0x0000000716b2c758) thrown at [C:\jenkins\workspace\8-2-build-windows-x64-cygwin\jdk8u341\2692\hotspot\src\share\vm\prims\jni.cpp, line 710]
Event: 3.044 Thread 0x00000206fbd3a000 Exception <a 'java/io/FileNotFoundException'> (0x0000000716b445e0) thrown at [C:\jenkins\workspace\8-2-build-windows-x64-cygwin\jdk8u341\2692\hotspot\src\share\vm\prims\jni.cpp, line 710]
Event: 3.060 Thread 0x00000206fbd3a000 Exception <a 'java/io/FileNotFoundException'> (0x0000000716b5a9a0) thrown at [C:\jenkins\workspace\8-2-build-windows-x64-cygwin\jdk8u341\2692\hotspot\src\share\vm\prims\jni.cpp, line 710]

Events (10 events):
Event: 3.061 loading class gnu/io/Zystem done
Event: 3.062 loading class gnu/io/UnSupportedLoggerException
Event: 3.062 loading class gnu/io/UnSupportedLoggerException done
Event: 3.065 loading class gnu/io/RXTXPort$MonitorThread
Event: 3.065 loading class gnu/io/RXTXPort$MonitorThread done
Event: 3.066 Thread 0x00000206feb28800 Thread added: 0x00000206feb28800
Event: 3.072 loading class gnu/io/SerialPortEvent
Event: 3.072 loading class gnu/io/SerialPortEvent done
Event: 3.074 Thread 0x00000206fbd3a000 DEOPT PACKING pc=0x00000206d6665ede sp=0x0000005c64eaeac0
Event: 3.074 Thread 0x00000206fbd3a000 DEOPT UNPACKING pc=0x00000206d6307918 sp=0x0000005c64eae820 mode 0


Dynamic libraries:
0x00007ff7aee80000 - 0x00007ff7aeec7000 	C:\Program Files (x86)\Common Files\Oracle\Java\javapath\javaw.exe
0x00007ff9145f0000 - 0x00007ff9147e8000 	C:\WINDOWS\SYSTEM32\ntdll.dll
0x00007ff914200000 - 0x00007ff9142bd000 	C:\WINDOWS\System32\KERNEL32.DLL
0x00007ff911e70000 - 0x00007ff91213e000 	C:\WINDOWS\System32\KERNELBASE.dll
0x00007ff913410000 - 0x00007ff9134be000 	C:\WINDOWS\System32\ADVAPI32.dll
0x00007ff912c00000 - 0x00007ff912c9e000 	C:\WINDOWS\System32\msvcrt.dll
0x00007ff914030000 - 0x00007ff9140cc000 	C:\WINDOWS\System32\sechost.dll
0x00007ff914480000 - 0x00007ff9145a5000 	C:\WINDOWS\System32\RPCRT4.dll
0x00007ff913e20000 - 0x00007ff913fc0000 	C:\WINDOWS\System32\USER32.dll
0x00007ff912620000 - 0x00007ff912642000 	C:\WINDOWS\System32\win32u.dll
0x00007ff912650000 - 0x00007ff91267a000 	C:\WINDOWS\System32\GDI32.dll
0x00007ff9124a0000 - 0x00007ff9125ab000 	C:\WINDOWS\System32\gdi32full.dll
0x00007ff9122d0000 - 0x00007ff91236d000 	C:\WINDOWS\System32\msvcp_win.dll
0x00007ff912370000 - 0x00007ff912470000 	C:\WINDOWS\System32\ucrtbase.dll
0x00007ff8f1160000 - 0x00007ff8f13fa000 	C:\WINDOWS\WinSxS\amd64_microsoft.windows.common-controls_6595b64144ccf1df_6.0.19041.1110_none_60b5254171f9507e\COMCTL32.dll
0x00007ff9133e0000 - 0x00007ff913410000 	C:\WINDOWS\System32\IMM32.DLL
0x00007ff8ff4d0000 - 0x00007ff8ff4e5000 	C:\Program Files\Java\jre1.8.0_341\bin\vcruntime140.dll
0x00007ff8fbe20000 - 0x00007ff8fbebb000 	C:\Program Files\Java\jre1.8.0_341\bin\msvcp140.dll
0x000000005daf0000 - 0x000000005e351000 	C:\Program Files\Java\jre1.8.0_341\bin\server\jvm.dll
0x00007ff914410000 - 0x00007ff914418000 	C:\WINDOWS\System32\PSAPI.DLL
0x00007ff90b2c0000 - 0x00007ff90b2ca000 	C:\WINDOWS\SYSTEM32\VERSION.dll
0x00007ff8ff4c0000 - 0x00007ff8ff4c9000 	C:\WINDOWS\SYSTEM32\WSOCK32.dll
0x00007ff902230000 - 0x00007ff902257000 	C:\WINDOWS\SYSTEM32\WINMM.dll
0x00007ff913fc0000 - 0x00007ff91402b000 	C:\WINDOWS\System32\WS2_32.dll
0x00007ff90fc20000 - 0x00007ff90fc32000 	C:\WINDOWS\SYSTEM32\kernel.appcore.dll
0x00007ff8ff4a0000 - 0x00007ff8ff4b0000 	C:\Program Files\Java\jre1.8.0_341\bin\verify.dll
0x00007ff8fde70000 - 0x00007ff8fde9b000 	C:\Program Files\Java\jre1.8.0_341\bin\java.dll
0x00007ff8ff450000 - 0x00007ff8ff468000 	C:\Program Files\Java\jre1.8.0_341\bin\zip.dll
0x00007ff9136d0000 - 0x00007ff913e13000 	C:\WINDOWS\System32\SHELL32.dll
0x00007ff90fe20000 - 0x00007ff9105b5000 	C:\WINDOWS\SYSTEM32\windows.storage.dll
0x00007ff9128a0000 - 0x00007ff912bf4000 	C:\WINDOWS\System32\combase.dll
0x00007ff911770000 - 0x00007ff9117a0000 	C:\WINDOWS\SYSTEM32\Wldp.dll
0x00007ff9140d0000 - 0x00007ff91417d000 	C:\WINDOWS\System32\SHCORE.dll
0x00007ff912f10000 - 0x00007ff912f65000 	C:\WINDOWS\System32\shlwapi.dll
0x00007ff911c50000 - 0x00007ff911c6f000 	C:\WINDOWS\SYSTEM32\profapi.dll
0x00007ff8fb800000 - 0x00007ff8fb995000 	C:\Program Files\Java\jre1.8.0_341\bin\awt.dll
0x00007ff913600000 - 0x00007ff9136cd000 	C:\WINDOWS\System32\OLEAUT32.dll
0x00007ff90f560000 - 0x00007ff90f5f0000 	C:\WINDOWS\SYSTEM32\apphelp.dll
0x00007ff90f650000 - 0x00007ff90f6ee000 	C:\WINDOWS\system32\uxtheme.dll
0x00007ff912cb0000 - 0x00007ff912dc5000 	C:\WINDOWS\System32\MSCTF.dll
0x00007ff9142e0000 - 0x00007ff91440a000 	C:\WINDOWS\System32\ole32.dll
0x00007ff912140000 - 0x00007ff9121c2000 	C:\WINDOWS\System32\bcryptPrimitives.dll
0x00007ff90fa40000 - 0x00007ff90fa6f000 	C:\WINDOWS\system32\DWMAPI.DLL
0x00007ff8fb320000 - 0x00007ff8fb447000 	C:\WINDOWS\system32\opengl32.dll
0x00007ff8fdcb0000 - 0x00007ff8fdcdc000 	C:\WINDOWS\SYSTEM32\GLU32.dll
0x00007ff900e40000 - 0x00007ff90100f000 	C:\WINDOWS\system32\d3d9.dll
0x00007ff906e10000 - 0x00007ff906f27000 	C:\WINDOWS\System32\DriverStore\FileRepository\nv_dispi.inf_amd64_70cfb45e19c20af4\nvldumdx.dll
0x00007ff911900000 - 0x00007ff911912000 	C:\WINDOWS\SYSTEM32\msasn1.dll
0x00007ff90af50000 - 0x00007ff90af81000 	C:\WINDOWS\SYSTEM32\cryptnet.dll
0x00007ff911d10000 - 0x00007ff911e66000 	C:\WINDOWS\System32\CRYPT32.dll
0x00007ff90ad20000 - 0x00007ff90ae68000 	C:\WINDOWS\SYSTEM32\drvstore.dll
0x00007ff911ac0000 - 0x00007ff911aec000 	C:\WINDOWS\SYSTEM32\devobj.dll
0x00007ff912280000 - 0x00007ff9122ce000 	C:\WINDOWS\System32\cfgmgr32.dll
0x00007ff9116e0000 - 0x00007ff9116ec000 	C:\WINDOWS\SYSTEM32\cryptbase.dll
0x00007ff9125b0000 - 0x00007ff912619000 	C:\WINDOWS\System32\WINTRUST.DLL
0x00007ff9142c0000 - 0x00007ff9142dd000 	C:\WINDOWS\System32\imagehlp.dll
0x00007ff9116c0000 - 0x00007ff9116d8000 	C:\WINDOWS\SYSTEM32\CRYPTSP.dll
0x00007ff910de0000 - 0x00007ff910e14000 	C:\WINDOWS\system32\rsaenh.dll
0x00007ff912470000 - 0x00007ff912497000 	C:\WINDOWS\System32\bcrypt.dll
0x00007ff8f9110000 - 0x00007ff8fa91a000 	C:\WINDOWS\System32\DriverStore\FileRepository\nv_dispi.inf_amd64_70cfb45e19c20af4\nvd3dumx.dll
0x00007ff8a8e20000 - 0x00007ff8a90e7000 	C:\WINDOWS\system32\nvspcap64.dll
0x00007ff910a10000 - 0x00007ff910a43000 	C:\WINDOWS\SYSTEM32\ntmarta.dll
0x00007ff9105d0000 - 0x00007ff9105f3000 	C:\WINDOWS\SYSTEM32\gpapi.dll
0x00007ff9079d0000 - 0x00007ff907a0b000 	C:\WINDOWS\SYSTEM32\dxcore.dll
0x00007ff8fdad0000 - 0x00007ff8fdb19000 	C:\Program Files\Java\jre1.8.0_341\bin\fontmanager.dll
0x0000000010000000 - 0x000000001005a000 	F:\Drone Project\MultiWii_2_4\MultiWiiConf\application.windows64\jogl.dll
0x000000005da20000 - 0x000000005dae9000 	C:\WINDOWS\WinSxS\amd64_microsoft.vc80.crt_1fc8b3b9a1e18e3b_8.0.50727.9672_none_88e266cb2fac7c0d\MSVCR80.dll
0x00007ff8fdf10000 - 0x00007ff8fdf17000 	C:\Program Files\Java\jre1.8.0_341\bin\jawt.dll
0x0000000000770000 - 0x0000000000777000 	F:\Drone Project\MultiWii_2_4\MultiWiiConf\application.windows64\jogl_awt.dll
0x00007ff907b70000 - 0x00007ff907c69000 	C:\WINDOWS\SYSTEM32\textinputframework.dll
0x00007ff90f330000 - 0x00007ff90f422000 	C:\WINDOWS\System32\CoreMessaging.dll
0x00007ff90ee80000 - 0x00007ff90f1de000 	C:\WINDOWS\System32\CoreUIComponents.dll
0x00007ff90e6b0000 - 0x00007ff90e804000 	C:\WINDOWS\SYSTEM32\wintypes.dll
0x00007ff9134c0000 - 0x00007ff913569000 	C:\WINDOWS\System32\clbcatq.dll
0x00007ff90cb90000 - 0x00007ff90cc87000 	C:\Windows\System32\AppXDeploymentClient.dll
0x00007ff8a14a0000 - 0x00007ff8a465a000 	C:\WINDOWS\System32\DriverStore\FileRepository\nv_dispi.inf_amd64_70cfb45e19c20af4\nvoglv64.dll
0x00007ff912f70000 - 0x00007ff9133df000 	C:\WINDOWS\System32\SETUPAPI.dll
0x00007ff90d710000 - 0x00007ff90d724000 	C:\WINDOWS\SYSTEM32\WTSAPI32.dll
0x00007ff911290000 - 0x00007ff9112db000 	C:\WINDOWS\SYSTEM32\powrprof.dll
0x00007ff911150000 - 0x00007ff911162000 	C:\WINDOWS\SYSTEM32\UMPDC.dll
0x00007ff910a80000 - 0x00007ff910ada000 	C:\WINDOWS\SYSTEM32\WINSTA.dll
0x00007ff8fde50000 - 0x00007ff8fde6c000 	C:\Program Files\Java\jre1.8.0_341\bin\net.dll
0x00007ff9114d0000 - 0x00007ff91153a000 	C:\WINDOWS\system32\mswsock.dll
0x00007ff8fdb70000 - 0x00007ff8fdb83000 	C:\Program Files\Java\jre1.8.0_341\bin\nio.dll
0x00007ff8fbd50000 - 0x00007ff8fbd93000 	C:\Program Files\Java\jre1.8.0_341\bin\t2k.dll
0x0000000180000000 - 0x0000000180025000 	F:\Drone Project\MultiWii_2_4\MultiWiiConf\application.windows64\rxtxSerial.dll
0x00007ff906b50000 - 0x00007ff906d34000 	C:\WINDOWS\SYSTEM32\dbghelp.dll

VM Arguments:
java_command: MultiWiiConf
java_class_path (initial): F:\Drone Project\MultiWii_2_4\MultiWiiConf\application.windows64\lib\MultiWiiConf.jar;F:\Drone Project\MultiWii_2_4\MultiWiiConf\application.windows64\lib\core.jar;F:\Drone Project\MultiWii_2_4\MultiWiiConf\application.windows64\lib\RXTXcomm.jar;F:\Drone Project\MultiWii_2_4\MultiWiiConf\application.windows64\lib\serial.jar;F:\Drone Project\MultiWii_2_4\MultiWiiConf\application.windows64\lib\controlP5.jar;F:\Drone Project\MultiWii_2_4\MultiWiiConf\application.windows64\lib\controlP5_ori.jar;F:\Drone Project\MultiWii_2_4\MultiWiiConf\application.windows64\lib\gluegen-rt.jar;F:\Drone Project\MultiWii_2_4\MultiWiiConf\application.windows64\lib\jogl.jar;F:\Drone Project\MultiWii_2_4\MultiWiiConf\application.windows64\lib\opengl.jar
Launcher Type: SUN_STANDARD

Environment Variables:
CLASSPATH=F:\Drone Project\MultiWii_2_4\MultiWiiConf\application.windows64\lib\MultiWiiConf.jar;F:\Drone Project\MultiWii_2_4\MultiWiiConf\application.windows64\lib\core.jar;F:\Drone Project\MultiWii_2_4\MultiWiiConf\application.windows64\lib\RXTXcomm.jar;F:\Drone Project\MultiWii_2_4\MultiWiiConf\application.windows64\lib\serial.jar;F:\Drone Project\MultiWii_2_4\MultiWiiConf\application.windows64\lib\controlP5.jar;F:\Drone Project\MultiWii_2_4\MultiWiiConf\application.windows64\lib\controlP5_ori.jar;F:\Drone Project\MultiWii_2_4\MultiWiiConf\application.windows64\lib\gluegen-rt.jar;F:\Drone Project\MultiWii_2_4\MultiWiiConf\application.windows64\lib\jogl.jar;F:\Drone Project\MultiWii_2_4\MultiWiiConf\application.windows64\lib\opengl.jar
PATH=C:\Program Files (x86)\Common Files\Oracle\Java\javapath;C:\WINDOWS\system32;C:\WINDOWS;C:\WINDOWS\System32\Wbem;C:\WINDOWS\System32\WindowsPowerShell\v1.0;C:\Program Files\NVIDIA Corporation\NVIDIA NvDLISR;C:\Program Files (x86)\NVIDIA Corporation\PhysX\Common;C:\Program Files\dotnet;E:\Git\cmd;C:\Program Files\Java\jre1.8.0_202\bin;C:\Users\Piltz Gergely\AppData\Local\Microsoft\WindowsApps;E:\Microsoft VS Code\bin;C:\Users\Piltz Gergely\AppData\Local\GitHubDesktop\bin
USERNAME=Piltz Gergely
OS=Windows_NT
PROCESSOR_IDENTIFIER=Intel64 Family 6 Model 79 Stepping 1, GenuineIntel



---------------  S Y S T E M  ---------------

OS: Windows 10 , 64 bit Build 19041 (10.0.19041.1889)

CPU:total 12 (initial active 12) (6 cores per cpu, 2 threads per core) family 6 model 79 stepping 1, cmov, cx8, fxsr, mmx, sse, sse2, sse3, ssse3, sse4.1, sse4.2, popcnt, avx, avx2, aes, clmul, erms, rtm, 3dnowpref, lzcnt, ht, tsc, tscinvbit, bmi1, bmi2, adx

Memory: 4k page, physical 33461692k(25283564k free), swap 33461692k(19191880k free)

vm_info: Java HotSpot(TM) 64-Bit Server VM (25.341-b10) for windows-amd64 JRE (1.8.0_341-b10), built on Jun 16 2022 15:51:07 by "java_re" with MS VC++ 15.9 (VS2017)

time: Sun Oct  2 14:16:09 2022
timezone: Central Europe Daylight Time
elapsed time: 4.121900 seconds (0d 0h 0m 4s)

