#
# A fatal error has been detected by the Java Runtime Environment:
#
#  EXCEPTION_ACCESS_VIOLATION (0xc0000005) at pc=0x00000001800044cb, pid=8500, tid=0x00000000000017f4
#
# JRE version: Java(TM) SE Runtime Environment (8.0_341-b10) (build 1.8.0_341-b10)
# Java VM: Java HotSpot(TM) 64-Bit Server VM (25.341-b10 mixed mode windows-amd64 compressed oops)
# Problematic frame:
# C  [rxtxSerial.dll+0x44cb]
#
# Failed to write core dump. Minidumps are not enabled by default on client versions of Windows
#
# If you would like to submit a bug report, please visit:
#   http://bugreport.java.com/bugreport/crash.jsp
# The crash happened outside the Java Virtual Machine in native code.
# See problematic frame for where to report the bug.
#

---------------  T H R E A D  ---------------

Current thread (0x0000014836007000):  JavaThread "Animation Thread" [_thread_in_native, id=6132, stack(0x000000404dd60000,0x000000404de60000)]

siginfo: ExceptionCode=0xc0000005, reading address 0x000000004e66ef7c

Registers:
RAX=0x000000000000001c, RBX=0x0000000000000001, RCX=0x000000404de5edac, RDX=0x0000000000000000
RSP=0x000000404de5e9d0, RBP=0x0000000000000001, RSI=0x0000000000000000, RDI=0x0000014836007200
R8 =0x000000404de5e690, R9 =0x0000000180000000, R10=0x0000000000000000, R11=0x0000000000000200
R12=0x000000004e66ef70, R13=0x0000000000000000, R14=0x000000404de5eec0, R15=0x0000014836007000
RIP=0x00000001800044cb, EFLAGS=0x0000000000010202

Top of Stack: (sp=0x000000404de5e9d0)
0x000000404de5e9d0:   0000014841701b68 000000018001c4c0
0x000000404de5e9e0:   0000000000000000 0000000000000001
0x000000404de5e9f0:   0000014832446740 0000014836007000
0x000000404de5ea00:   000000404de5eec0 0000014836007000
0x000000404de5ea10:   00000007c0002368 00000007c0002368
0x000000404de5ea20:   0000014832446740 0000014836007000
0x000000404de5ea30:   00002d519de7e6e8 0000014836007000
0x000000404de5ea40:   000000404de5eb40 000000006b8a73ac
0x000000404de5ea50:   0000000000000000 0000000000000000
0x000000404de5ea60:   000001480eabead0 000000006b97c597
0x000000404de5ea70:   000000006bd1aef0 000000006b97e155
0x000000404de5ea80:   0000000000000004 0000000000000004
0x000000404de5ea90:   00002d519de7e748 0000014836007000
0x000000404de5eaa0:   000001480eabead0 000000006b82f9b5
0x000000404de5eab0:   0000014841701b68 000000404de5eb40
0x000000404de5eac0:   0000000000000000 000000404de5ec10 

Instructions: (pc=0x00000001800044cb)
0x00000001800044ab:   1f 48 8b d3 48 8b cf 41 ff 93 b8 00 00 00 45 84
0x00000001800044bb:   ed 0f 85 b7 00 00 00 4d 85 e4 0f 84 ae 00 00 00
0x00000001800044cb:   41 83 7c 24 0c 00 0f 84 a2 00 00 00 48 8d 4c 24
0x00000001800044db:   38 49 8b d4 41 b8 40 03 00 00 e8 06 64 00 00 4c 


Register to memory mapping:

RAX=0x000000000000001c is an unknown value
RBX=0x0000000000000001 is an unknown value
RCX=0x000000404de5edac is pointing into the stack for thread: 0x0000014836007000
RDX=0x0000000000000000 is an unknown value
RSP=0x000000404de5e9d0 is pointing into the stack for thread: 0x0000014836007000
RBP=0x0000000000000001 is an unknown value
RSI=0x0000000000000000 is an unknown value
RDI=0x0000014836007200 is an unknown value
R8 =0x000000404de5e690 is pointing into the stack for thread: 0x0000014836007000
R9 =0x0000000180000000 is an unknown value
R10=0x0000000000000000 is an unknown value
R11=0x0000000000000200 is an unknown value
R12=0x000000004e66ef70 is an unknown value
R13=0x0000000000000000 is an unknown value
R14=0x000000404de5eec0 is pointing into the stack for thread: 0x0000014836007000
R15=0x0000014836007000 is a thread


Stack: [0x000000404dd60000,0x000000404de60000],  sp=0x000000404de5e9d0,  free space=1018k
Native frames: (J=compiled Java code, j=interpreted, Vv=VM code, C=native code)
C  [rxtxSerial.dll+0x44cb]
C  0x000001481068a02e

Java frames: (J=compiled Java code, j=interpreted, Vv=VM code)
j  gnu.io.RXTXPort.nativeDrain(Z)Z+0
j  gnu.io.RXTXPort$SerialOutputStream.flush()V+92
j  processing.serial.Serial.write([B)V+12
j  MultiWiiConf.sendRequestMSP(Ljava/util/List;)V+60
j  MultiWiiConf.draw()V+934
j  processing.core.PApplet.handleDraw()V+145
j  processing.core.PApplet.run()V+72
j  java.lang.Thread.run()V+11
v  ~StubRoutines::call_stub

---------------  P R O C E S S  ---------------

Java Threads: ( => current thread )
  0x000001483f92d000 JavaThread "Thread-3" [_thread_in_native, id=6476, stack(0x000000404e570000,0x000000404e670000)]
  0x000001483f923000 JavaThread "DestroyJavaVM" [_thread_blocked, id=5836, stack(0x000000404c000000,0x000000404c100000)]
  0x000001483600c000 JavaThread "D3D Screen Updater" daemon [_thread_blocked, id=5328, stack(0x000000404de60000,0x000000404df60000)]
=>0x0000014836007000 JavaThread "Animation Thread" [_thread_in_native, id=6132, stack(0x000000404dd60000,0x000000404de60000)]
  0x000001483600c800 JavaThread "Image Fetcher 0" daemon [_thread_blocked, id=5568, stack(0x000000404dc60000,0x000000404dd60000)]
  0x000001483600b000 JavaThread "AWT-EventQueue-0" [_thread_blocked, id=5004, stack(0x000000404db60000,0x000000404dc60000)]
  0x000001483551f000 JavaThread "AWT-Windows" daemon [_thread_in_native, id=6928, stack(0x000000404d800000,0x000000404d900000)]
  0x0000014835934800 JavaThread "AWT-Shutdown" [_thread_blocked, id=6680, stack(0x000000404d700000,0x000000404d800000)]
  0x000001483551e000 JavaThread "Java2D Disposer" daemon [_thread_blocked, id=4328, stack(0x000000404d600000,0x000000404d700000)]
  0x00000148353e5000 JavaThread "Service Thread" daemon [_thread_blocked, id=4332, stack(0x000000404d400000,0x000000404d500000)]
  0x0000014833bdb800 JavaThread "C1 CompilerThread3" daemon [_thread_blocked, id=4376, stack(0x000000404d300000,0x000000404d400000)]
  0x0000014833bd3800 JavaThread "C2 CompilerThread2" daemon [_thread_blocked, id=4372, stack(0x000000404d200000,0x000000404d300000)]
  0x0000014833bcd000 JavaThread "C2 CompilerThread1" daemon [_thread_blocked, id=4384, stack(0x000000404d100000,0x000000404d200000)]
  0x0000014833bc9000 JavaThread "C2 CompilerThread0" daemon [_thread_blocked, id=4348, stack(0x000000404d000000,0x000000404d100000)]
  0x0000014833bc6000 JavaThread "Attach Listener" daemon [_thread_blocked, id=4364, stack(0x000000404cf00000,0x000000404d000000)]
  0x0000014833bc5000 JavaThread "Signal Dispatcher" daemon [_thread_blocked, id=4368, stack(0x000000404ce00000,0x000000404cf00000)]
  0x0000014833baa800 JavaThread "Finalizer" daemon [_thread_blocked, id=4920, stack(0x000000404cd00000,0x000000404ce00000)]
  0x0000014833b7b000 JavaThread "Reference Handler" daemon [_thread_blocked, id=6576, stack(0x000000404cc00000,0x000000404cd00000)]

Other Threads:
  0x0000014833b76000 VMThread [stack: 0x000000404cb00000,0x000000404cc00000] [id=4908]
  0x00000148353fb000 WatcherThread [stack: 0x000000404d500000,0x000000404d600000] [id=4336]

VM state:not at safepoint (normal execution)

VM Mutex/Monitor currently owned by a thread: None

heap address: 0x00000005c1600000, size: 8170 MB, Compressed Oops mode: Zero based, Oop shift amount: 3
Narrow klass base: 0x0000000000000000, Narrow klass shift: 3
Compressed class space size: 1073741824 Address: 0x00000007c0000000

Heap:
 PSYoungGen      total 153088K, used 23258K [0x0000000715d00000, 0x0000000720780000, 0x00000007c0000000)
  eden space 131584K, 13% used [0x0000000715d00000,0x0000000716ecf5d0,0x000000071dd80000)
  from space 21504K, 23% used [0x000000071dd80000,0x000000071e267370,0x000000071f280000)
  to   space 21504K, 0% used [0x000000071f280000,0x000000071f280000,0x0000000720780000)
 ParOldGen       total 349696K, used 16K [0x00000005c1600000, 0x00000005d6b80000, 0x0000000715d00000)
  object space 349696K, 0% used [0x00000005c1600000,0x00000005c1604000,0x00000005d6b80000)
 Metaspace       used 13353K, capacity 13578K, committed 13824K, reserved 1060864K
  class space    used 1340K, capacity 1432K, committed 1536K, reserved 1048576K

Card table byte_map: [0x000001481fa30000,0x0000014820a30000] byte_map_base: 0x000001481cc25000

Marking Bits: (ParMarkBitMap*) 0x000000006bf59030
 Begin Bits: [0x00000148214e0000, 0x0000014829488000)
 End Bits:   [0x0000014829488000, 0x0000014831430000)

Polling page: 0x000001480ed80000

CodeCache: size=245760Kb used=5274Kb max_used=5288Kb free=240485Kb
 bounds [0x0000014810670000, 0x0000014810bb0000, 0x000001481f670000]
 total_blobs=2274 nmethods=1542 adapters=644
 compilation: enabled

Compilation events (10 events):
Event: 4.742 Thread 0x0000014833bdb800 1538       1       processing.opengl.PGraphicsOpenGL::strokeWeight (6 bytes)
Event: 4.742 Thread 0x0000014833bdb800 nmethod 1538 0x0000014810b99050 code [0x0000014810b991a0, 0x0000014810b992b8]
Event: 4.788 Thread 0x0000014833bdb800 1539       3       processing.core.PGraphics::beginShape (7 bytes)
Event: 4.789 Thread 0x0000014833bdb800 nmethod 1539 0x0000014810b99310 code [0x0000014810b99480, 0x0000014810b996b0]
Event: 4.789 Thread 0x0000014833bdb800 1540       3       processing.core.PMatrix3D::invRotateZ (36 bytes)
Event: 4.790 Thread 0x0000014833bdb800 nmethod 1540 0x0000014810b99750 code [0x0000014810b99900, 0x0000014810b9a390]
Event: 4.855 Thread 0x0000014833bd3800 1541       4       java.util.ArrayList::indexOf (67 bytes)
Event: 4.864 Thread 0x0000014833bd3800 nmethod 1541 0x0000014810b9d650 code [0x0000014810b9d7a0, 0x0000014810b9dd58]
Event: 4.890 Thread 0x0000014833bcd000 1542       4       java.lang.AbstractStringBuilder::append (62 bytes)
Event: 4.903 Thread 0x0000014833bcd000 nmethod 1542 0x0000014810b9af10 code [0x0000014810b9b080, 0x0000014810b9bc18]

GC Heap History (2 events):
Event: 1.640 GC heap before
{Heap before GC invocations=1 (full 0):
 PSYoungGen      total 153088K, used 131584K [0x0000000715d00000, 0x0000000720780000, 0x00000007c0000000)
  eden space 131584K, 100% used [0x0000000715d00000,0x000000071dd80000,0x000000071dd80000)
  from space 21504K, 0% used [0x000000071f280000,0x000000071f280000,0x0000000720780000)
  to   space 21504K, 0% used [0x000000071dd80000,0x000000071dd80000,0x000000071f280000)
 ParOldGen       total 349696K, used 0K [0x00000005c1600000, 0x00000005d6b80000, 0x0000000715d00000)
  object space 349696K, 0% used [0x00000005c1600000,0x00000005c1600000,0x00000005d6b80000)
 Metaspace       used 12684K, capacity 12870K, committed 12928K, reserved 1060864K
  class space    used 1314K, capacity 1394K, committed 1408K, reserved 1048576K
Event: 1.646 GC heap after
Heap after GC invocations=1 (full 0):
 PSYoungGen      total 153088K, used 5020K [0x0000000715d00000, 0x0000000720780000, 0x00000007c0000000)
  eden space 131584K, 0% used [0x0000000715d00000,0x0000000715d00000,0x000000071dd80000)
  from space 21504K, 23% used [0x000000071dd80000,0x000000071e267370,0x000000071f280000)
  to   space 21504K, 0% used [0x000000071f280000,0x000000071f280000,0x0000000720780000)
 ParOldGen       total 349696K, used 16K [0x00000005c1600000, 0x00000005d6b80000, 0x0000000715d00000)
  object space 349696K, 0% used [0x00000005c1600000,0x00000005c1604000,0x00000005d6b80000)
 Metaspace       used 12684K, capacity 12870K, committed 12928K, reserved 1060864K
  class space    used 1314K, capacity 1394K, committed 1408K, reserved 1048576K
}

Deoptimization events (7 events):
Event: 0.916 Thread 0x0000014836007000 Uncommon trap: reason=class_check action=maybe_recompile pc=0x00000148107d3c60 method=java.lang.String.equals(Ljava/lang/Object;)Z @ 8
Event: 0.916 Thread 0x0000014836007000 Uncommon trap: reason=class_check action=maybe_recompile pc=0x00000148107d3c60 method=java.lang.String.equals(Ljava/lang/Object;)Z @ 8
Event: 0.916 Thread 0x0000014836007000 Uncommon trap: reason=class_check action=maybe_recompile pc=0x00000148107d3c60 method=java.lang.String.equals(Ljava/lang/Object;)Z @ 8
Event: 0.916 Thread 0x0000014836007000 Uncommon trap: reason=class_check action=maybe_recompile pc=0x00000148107d3c60 method=java.lang.String.equals(Ljava/lang/Object;)Z @ 8
Event: 0.966 Thread 0x0000014836007000 Uncommon trap: reason=unstable_if action=reinterpret pc=0x0000014810871c60 method=java.lang.String.<init>([CII)V @ 18
Event: 1.009 Thread 0x0000014836007000 Uncommon trap: reason=unstable_if action=reinterpret pc=0x00000148108f0d24 method=java.lang.ThreadLocal$ThreadLocalMap.getEntry(Ljava/lang/ThreadLocal;)Ljava/lang/ThreadLocal$ThreadLocalMap$Entry; @ 21
Event: 1.760 Thread 0x000001483600b000 Uncommon trap: reason=predicate action=maybe_recompile pc=0x00000148108d2d0c method=java.util.ArrayList.indexOf(Ljava/lang/Object;)I @ 44

Classes redefined (0 events):
No events

Internal exceptions (10 events):
Event: 1.295 Thread 0x0000014836007000 Exception <a 'java/io/FileNotFoundException'> (0x0000000717eab4b8) thrown at [C:\jenkins\workspace\8-2-build-windows-x64-cygwin\jdk8u341\2692\hotspot\src\share\vm\prims\jni.cpp, line 710]
Event: 1.390 Thread 0x0000014836007000 Exception <a 'java/io/FileNotFoundException'> (0x0000000717ec1690) thrown at [C:\jenkins\workspace\8-2-build-windows-x64-cygwin\jdk8u341\2692\hotspot\src\share\vm\prims\jni.cpp, line 710]
Event: 1.390 Thread 0x0000014836007000 Exception <a 'java/io/FileNotFoundException'> (0x0000000717ed1260) thrown at [C:\jenkins\workspace\8-2-build-windows-x64-cygwin\jdk8u341\2692\hotspot\src\share\vm\prims\jni.cpp, line 710]
Event: 1.484 Thread 0x0000014836007000 Exception <a 'java/io/FileNotFoundException'> (0x0000000717ee7458) thrown at [C:\jenkins\workspace\8-2-build-windows-x64-cygwin\jdk8u341\2692\hotspot\src\share\vm\prims\jni.cpp, line 710]
Event: 1.486 Thread 0x0000014836007000 Exception <a 'java/io/FileNotFoundException'> (0x0000000717f01000) thrown at [C:\jenkins\workspace\8-2-build-windows-x64-cygwin\jdk8u341\2692\hotspot\src\share\vm\prims\jni.cpp, line 710]
Event: 1.578 Thread 0x0000014836007000 Exception <a 'java/io/FileNotFoundException'> (0x0000000717f171d8) thrown at [C:\jenkins\workspace\8-2-build-windows-x64-cygwin\jdk8u341\2692\hotspot\src\share\vm\prims\jni.cpp, line 710]
Event: 3.015 Thread 0x0000014836007000 Exception <a 'java/io/FileNotFoundException'> (0x0000000716aecab0) thrown at [C:\jenkins\workspace\8-2-build-windows-x64-cygwin\jdk8u341\2692\hotspot\src\share\vm\prims\jni.cpp, line 710]
Event: 3.108 Thread 0x0000014836007000 Exception <a 'java/io/FileNotFoundException'> (0x0000000716b02e70) thrown at [C:\jenkins\workspace\8-2-build-windows-x64-cygwin\jdk8u341\2692\hotspot\src\share\vm\prims\jni.cpp, line 710]
Event: 3.109 Thread 0x0000014836007000 Exception <a 'java/io/FileNotFoundException'> (0x0000000716b1acf8) thrown at [C:\jenkins\workspace\8-2-build-windows-x64-cygwin\jdk8u341\2692\hotspot\src\share\vm\prims\jni.cpp, line 710]
Event: 3.202 Thread 0x0000014836007000 Exception <a 'java/io/FileNotFoundException'> (0x0000000716b310b8) thrown at [C:\jenkins\workspace\8-2-build-windows-x64-cygwin\jdk8u341\2692\hotspot\src\share\vm\prims\jni.cpp, line 710]

Events (10 events):
Event: 3.207 loading class gnu/io/UnSupportedLoggerException done
Event: 3.214 loading class gnu/io/RXTXPort$MonitorThread
Event: 3.214 loading class gnu/io/RXTXPort$MonitorThread done
Event: 3.215 Thread 0x000001483f92d000 Thread added: 0x000001483f92d000
Event: 3.222 loading class gnu/io/SerialPortEvent
Event: 3.222 loading class gnu/io/SerialPortEvent done
Event: 3.240 Thread 0x0000014836007000 DEOPT PACKING pc=0x0000014810b0a60b sp=0x000000404de5ee10
Event: 3.240 Thread 0x0000014836007000 DEOPT UNPACKING pc=0x00000148106b7918 sp=0x000000404de5eb70 mode 0
Event: 4.140 Executing VM operation: EnableBiasedLocking
Event: 4.140 Executing VM operation: EnableBiasedLocking done


Dynamic libraries:
0x00007ff7cf760000 - 0x00007ff7cf7a7000 	C:\Program Files (x86)\Common Files\Oracle\Java\javapath\javaw.exe
0x00007ffa68770000 - 0x00007ffa68968000 	C:\WINDOWS\SYSTEM32\ntdll.dll
0x00007ffa67500000 - 0x00007ffa675bd000 	C:\WINDOWS\System32\KERNEL32.DLL
0x00007ffa663d0000 - 0x00007ffa6669e000 	C:\WINDOWS\System32\KERNELBASE.dll
0x00007ffa67900000 - 0x00007ffa679ae000 	C:\WINDOWS\System32\ADVAPI32.dll
0x00007ffa67d80000 - 0x00007ffa67e1e000 	C:\WINDOWS\System32\msvcrt.dll
0x00007ffa67ae0000 - 0x00007ffa67b7c000 	C:\WINDOWS\System32\sechost.dll
0x00007ffa68600000 - 0x00007ffa68725000 	C:\WINDOWS\System32\RPCRT4.dll
0x00007ffa675c0000 - 0x00007ffa67760000 	C:\WINDOWS\System32\USER32.dll
0x00007ffa666a0000 - 0x00007ffa666c2000 	C:\WINDOWS\System32\win32u.dll
0x00007ffa67820000 - 0x00007ffa6784a000 	C:\WINDOWS\System32\GDI32.dll
0x00007ffa66060000 - 0x00007ffa6616b000 	C:\WINDOWS\System32\gdi32full.dll
0x00007ffa65ec0000 - 0x00007ffa65f5d000 	C:\WINDOWS\System32\msvcp_win.dll
0x00007ffa666d0000 - 0x00007ffa667d0000 	C:\WINDOWS\System32\ucrtbase.dll
0x00007ffa45140000 - 0x00007ffa453da000 	C:\WINDOWS\WinSxS\amd64_microsoft.windows.common-controls_6595b64144ccf1df_6.0.19041.1110_none_60b5254171f9507e\COMCTL32.dll
0x00007ffa67d50000 - 0x00007ffa67d80000 	C:\WINDOWS\System32\IMM32.DLL
0x00007ff9d9e20000 - 0x00007ff9d9e35000 	C:\Program Files\Java\jre1.8.0_341\bin\vcruntime140.dll
0x00007ff9d9d80000 - 0x00007ff9d9e1b000 	C:\Program Files\Java\jre1.8.0_341\bin\msvcp140.dll
0x000000006b770000 - 0x000000006bfd1000 	C:\Program Files\Java\jre1.8.0_341\bin\server\jvm.dll
0x00007ffa66840000 - 0x00007ffa66848000 	C:\WINDOWS\System32\PSAPI.DLL
0x00007ffa5f420000 - 0x00007ffa5f42a000 	C:\WINDOWS\SYSTEM32\VERSION.dll
0x00007ff9f4f40000 - 0x00007ff9f4f49000 	C:\WINDOWS\SYSTEM32\WSOCK32.dll
0x00007ffa5e750000 - 0x00007ffa5e777000 	C:\WINDOWS\SYSTEM32\WINMM.dll
0x00007ffa67e20000 - 0x00007ffa67e8b000 	C:\WINDOWS\System32\WS2_32.dll
0x00007ffa63da0000 - 0x00007ffa63db2000 	C:\WINDOWS\SYSTEM32\kernel.appcore.dll
0x00007ff9e24e0000 - 0x00007ff9e24f0000 	C:\Program Files\Java\jre1.8.0_341\bin\verify.dll
0x00007ff9d9d50000 - 0x00007ff9d9d7b000 	C:\Program Files\Java\jre1.8.0_341\bin\java.dll
0x00007ff9d9d30000 - 0x00007ff9d9d48000 	C:\Program Files\Java\jre1.8.0_341\bin\zip.dll
0x00007ffa67eb0000 - 0x00007ffa685f3000 	C:\WINDOWS\System32\SHELL32.dll
0x00007ffa63fa0000 - 0x00007ffa64735000 	C:\WINDOWS\SYSTEM32\windows.storage.dll
0x00007ffa67140000 - 0x00007ffa67494000 	C:\WINDOWS\System32\combase.dll
0x00007ffa658f0000 - 0x00007ffa65920000 	C:\WINDOWS\SYSTEM32\Wldp.dll
0x00007ffa67850000 - 0x00007ffa678fd000 	C:\WINDOWS\System32\SHCORE.dll
0x00007ffa677c0000 - 0x00007ffa67815000 	C:\WINDOWS\System32\shlwapi.dll
0x00007ffa65dd0000 - 0x00007ffa65def000 	C:\WINDOWS\SYSTEM32\profapi.dll
0x00007ff9d9b90000 - 0x00007ff9d9d25000 	C:\Program Files\Java\jre1.8.0_341\bin\awt.dll
0x00007ffa66fe0000 - 0x00007ffa670ad000 	C:\WINDOWS\System32\OLEAUT32.dll
0x00007ffa636e0000 - 0x00007ffa63770000 	C:\WINDOWS\SYSTEM32\apphelp.dll
0x00007ffa63820000 - 0x00007ffa638be000 	C:\WINDOWS\system32\uxtheme.dll
0x00007ffa67c30000 - 0x00007ffa67d45000 	C:\WINDOWS\System32\MSCTF.dll
0x00007ffa679b0000 - 0x00007ffa67ada000 	C:\WINDOWS\System32\ole32.dll
0x00007ffa661e0000 - 0x00007ffa66262000 	C:\WINDOWS\System32\bcryptPrimitives.dll
0x00007ffa63bc0000 - 0x00007ffa63bef000 	C:\WINDOWS\system32\DWMAPI.DLL
0x00007ff9d99d0000 - 0x00007ff9d9af7000 	C:\WINDOWS\system32\opengl32.dll
0x00007ff9d99a0000 - 0x00007ff9d99cc000 	C:\WINDOWS\SYSTEM32\GLU32.dll
0x00007ffa55cd0000 - 0x00007ffa55e9f000 	C:\WINDOWS\system32\d3d9.dll
0x00007ffa5b0d0000 - 0x00007ffa5b1e7000 	C:\WINDOWS\System32\DriverStore\FileRepository\nv_dispi.inf_amd64_70cfb45e19c20af4\nvldumdx.dll
0x00007ffa65a80000 - 0x00007ffa65a92000 	C:\WINDOWS\SYSTEM32\msasn1.dll
0x00007ffa5f240000 - 0x00007ffa5f271000 	C:\WINDOWS\SYSTEM32\cryptnet.dll
0x00007ffa66270000 - 0x00007ffa663c6000 	C:\WINDOWS\System32\CRYPT32.dll
0x00007ffa5efe0000 - 0x00007ffa5f128000 	C:\WINDOWS\SYSTEM32\drvstore.dll
0x00007ffa65c60000 - 0x00007ffa65c8c000 	C:\WINDOWS\SYSTEM32\devobj.dll
0x00007ffa65f60000 - 0x00007ffa65fae000 	C:\WINDOWS\System32\cfgmgr32.dll
0x00007ffa65860000 - 0x00007ffa6586c000 	C:\WINDOWS\SYSTEM32\cryptbase.dll
0x00007ffa66170000 - 0x00007ffa661d9000 	C:\WINDOWS\System32\WINTRUST.DLL
0x00007ffa67e90000 - 0x00007ffa67ead000 	C:\WINDOWS\System32\imagehlp.dll
0x00007ffa65840000 - 0x00007ffa65858000 	C:\WINDOWS\SYSTEM32\CRYPTSP.dll
0x00007ffa64f60000 - 0x00007ffa64f94000 	C:\WINDOWS\system32\rsaenh.dll
0x00007ffa65e90000 - 0x00007ffa65eb7000 	C:\WINDOWS\System32\bcrypt.dll
0x00007ff9d8190000 - 0x00007ff9d999a000 	C:\WINDOWS\System32\DriverStore\FileRepository\nv_dispi.inf_amd64_70cfb45e19c20af4\nvd3dumx.dll
0x00007ff9e6840000 - 0x00007ff9e6b07000 	C:\WINDOWS\system32\nvspcap64.dll
0x00007ffa64b90000 - 0x00007ffa64bc3000 	C:\WINDOWS\SYSTEM32\ntmarta.dll
0x00007ffa64750000 - 0x00007ffa64773000 	C:\WINDOWS\SYSTEM32\gpapi.dll
0x00007ffa5bc10000 - 0x00007ffa5bc4b000 	C:\WINDOWS\SYSTEM32\dxcore.dll
0x00007ff9d8140000 - 0x00007ff9d8189000 	C:\Program Files\Java\jre1.8.0_341\bin\fontmanager.dll
0x0000000010000000 - 0x000000001005a000 	F:\Drone Project\MultiWii_2_4\MultiWiiConf\application.windows64\jogl.dll
0x000000006b6a0000 - 0x000000006b769000 	C:\WINDOWS\WinSxS\amd64_microsoft.vc80.crt_1fc8b3b9a1e18e3b_8.0.50727.9672_none_88e266cb2fac7c0d\MSVCR80.dll
0x00007ffa40910000 - 0x00007ffa40917000 	C:\Program Files\Java\jre1.8.0_341\bin\jawt.dll
0x0000000000a10000 - 0x0000000000a17000 	F:\Drone Project\MultiWii_2_4\MultiWiiConf\application.windows64\jogl_awt.dll
0x00007ffa67b80000 - 0x00007ffa67c29000 	C:\WINDOWS\System32\clbcatq.dll
0x00007ffa60d20000 - 0x00007ffa60e17000 	C:\Windows\System32\AppXDeploymentClient.dll
0x00007ffa5bb10000 - 0x00007ffa5bc09000 	C:\WINDOWS\SYSTEM32\textinputframework.dll
0x00007ffa63150000 - 0x00007ffa634ae000 	C:\WINDOWS\System32\CoreUIComponents.dll
0x00007ffa629a0000 - 0x00007ffa62af4000 	C:\WINDOWS\SYSTEM32\wintypes.dll
0x00007ffa634b0000 - 0x00007ffa635a2000 	C:\WINDOWS\System32\CoreMessaging.dll
0x00007ff9d3740000 - 0x00007ff9d68fa000 	C:\WINDOWS\System32\DriverStore\FileRepository\nv_dispi.inf_amd64_70cfb45e19c20af4\nvoglv64.dll
0x00007ffa66850000 - 0x00007ffa66cbf000 	C:\WINDOWS\System32\SETUPAPI.dll
0x00007ffa61840000 - 0x00007ffa61854000 	C:\WINDOWS\SYSTEM32\WTSAPI32.dll
0x00007ffa65410000 - 0x00007ffa6545b000 	C:\WINDOWS\SYSTEM32\powrprof.dll
0x00007ffa652d0000 - 0x00007ffa652e2000 	C:\WINDOWS\SYSTEM32\UMPDC.dll
0x00007ffa64c00000 - 0x00007ffa64c5a000 	C:\WINDOWS\SYSTEM32\WINSTA.dll
0x00007ff9d8120000 - 0x00007ff9d813c000 	C:\Program Files\Java\jre1.8.0_341\bin\net.dll
0x00007ffa65650000 - 0x00007ffa656ba000 	C:\WINDOWS\system32\mswsock.dll
0x00007ff9d8100000 - 0x00007ff9d8113000 	C:\Program Files\Java\jre1.8.0_341\bin\nio.dll
0x00007ff9d80b0000 - 0x00007ff9d80f3000 	C:\Program Files\Java\jre1.8.0_341\bin\t2k.dll
0x0000000180000000 - 0x0000000180025000 	F:\Drone Project\MultiWii_2_4\MultiWiiConf\application.windows64\rxtxSerial.dll
0x00007ffa5a580000 - 0x00007ffa5a764000 	C:\WINDOWS\SYSTEM32\dbghelp.dll

VM Arguments:
java_command: MultiWiiConf
java_class_path (initial): F:\Drone Project\MultiWii_2_4\MultiWiiConf\application.windows64\lib\MultiWiiConf.jar;F:\Drone Project\MultiWii_2_4\MultiWiiConf\application.windows64\lib\core.jar;F:\Drone Project\MultiWii_2_4\MultiWiiConf\application.windows64\lib\RXTXcomm.jar;F:\Drone Project\MultiWii_2_4\MultiWiiConf\application.windows64\lib\serial.jar;F:\Drone Project\MultiWii_2_4\MultiWiiConf\application.windows64\lib\controlP5.jar;F:\Drone Project\MultiWii_2_4\MultiWiiConf\application.windows64\lib\controlP5_ori.jar;F:\Drone Project\MultiWii_2_4\MultiWiiConf\application.windows64\lib\gluegen-rt.jar;F:\Drone Project\MultiWii_2_4\MultiWiiConf\application.windows64\lib\jogl.jar;F:\Drone Project\MultiWii_2_4\MultiWiiConf\application.windows64\lib\opengl.jar
Launcher Type: SUN_STANDARD

Environment Variables:
CLASSPATH=F:\Drone Project\MultiWii_2_4\MultiWiiConf\application.windows64\lib\MultiWiiConf.jar;F:\Drone Project\MultiWii_2_4\MultiWiiConf\application.windows64\lib\core.jar;F:\Drone Project\MultiWii_2_4\MultiWiiConf\application.windows64\lib\RXTXcomm.jar;F:\Drone Project\MultiWii_2_4\MultiWiiConf\application.windows64\lib\serial.jar;F:\Drone Project\MultiWii_2_4\MultiWiiConf\application.windows64\lib\controlP5.jar;F:\Drone Project\MultiWii_2_4\MultiWiiConf\application.windows64\lib\controlP5_ori.jar;F:\Drone Project\MultiWii_2_4\MultiWiiConf\application.windows64\lib\gluegen-rt.jar;F:\Drone Project\MultiWii_2_4\MultiWiiConf\application.windows64\lib\jogl.jar;F:\Drone Project\MultiWii_2_4\MultiWiiConf\application.windows64\lib\opengl.jar
PATH=C:\Program Files (x86)\Common Files\Oracle\Java\javapath;C:\WINDOWS\system32;C:\WINDOWS;C:\WINDOWS\System32\Wbem;C:\WINDOWS\System32\WindowsPowerShell\v1.0;C:\Program Files\NVIDIA Corporation\NVIDIA NvDLISR;C:\Program Files (x86)\NVIDIA Corporation\PhysX\Common;C:\Program Files\dotnet;E:\Git\cmd;C:\Users\Piltz Gergely\AppData\Local\Microsoft\WindowsApps;E:\Microsoft VS Code\bin;C:\Users\Piltz Gergely\AppData\Local\GitHubDesktop\bin
USERNAME=Piltz Gergely
OS=Windows_NT
PROCESSOR_IDENTIFIER=Intel64 Family 6 Model 79 Stepping 1, GenuineIntel



---------------  S Y S T E M  ---------------

OS: Windows 10 , 64 bit Build 19041 (10.0.19041.1889)

CPU:total 12 (initial active 12) (6 cores per cpu, 2 threads per core) family 6 model 79 stepping 1, cmov, cx8, fxsr, mmx, sse, sse2, sse3, ssse3, sse4.1, sse4.2, popcnt, avx, avx2, aes, clmul, erms, rtm, 3dnowpref, lzcnt, ht, tsc, tscinvbit, bmi1, bmi2, adx

Memory: 4k page, physical 33461692k(27273984k free), swap 33461692k(23672512k free)

vm_info: Java HotSpot(TM) 64-Bit Server VM (25.341-b10) for windows-amd64 JRE (1.8.0_341-b10), built on Jun 16 2022 15:51:07 by "java_re" with MS VC++ 15.9 (VS2017)

time: Sun Oct  2 14:38:06 2022
timezone: Central Europe Daylight Time
elapsed time: 4.974652 seconds (0d 0h 0m 4s)

